#
# There is insufficient memory for the Java Runtime Environment to continue.
# Native memory allocation (malloc) failed to allocate 952736 bytes for Chunk::new
# Possible reasons:
#   The system is out of physical RAM or swap space
#   The process is running with CompressedOops enabled, and the Java Heap may be blocking the growth of the native heap
# Possible solutions:
#   Reduce memory load on the system
#   Increase physical memory or swap space
#   Check if swap backing store is full
#   Decrease Java heap size (-Xmx/-Xms)
#   Decrease number of Java threads
#   Decrease Java thread stack sizes (-Xss)
#   Set larger code cache with -XX:ReservedCodeCacheSize=
#   JVM is running with Unscaled Compressed Oops mode in which the Java heap is
#     placed in the first 4GB address space. The Java Heap base address is the
#     maximum limit for the native heap growth. Please use -XX:HeapBaseMinAddress
#     to set the Java Heap base and to place the Java Heap above 4GB virtual address.
# This output file may be truncated or incomplete.
#
#  Out of Memory Error (allocation.cpp:389), pid=6568, tid=0x000000000000113c
#
# JRE version: Java(TM) SE Runtime Environment (8.0_231-b11) (build 1.8.0_231-b11)
# Java VM: Java HotSpot(TM) 64-Bit Server VM (25.231-b11 mixed mode windows-amd64 compressed oops)
# Failed to write core dump. Minidumps are not enabled by default on client versions of Windows
#

---------------  T H R E A D  ---------------

Current thread (0x0000000016ddc800):  JavaThread "C2 CompilerThread1" daemon [_thread_in_native, id=4412, stack(0x0000000018500000,0x0000000018600000)]

Stack: [0x0000000018500000,0x0000000018600000]
[error occurred during error reporting (printing stack bounds), id 0xc0000005]

Native frames: (J=compiled Java code, j=interpreted, Vv=VM code, C=native code)


Current CompileTask:
C2: 507590 21213       4       com.android.tools.r8.ir.optimize.CodeRewriter::collapsTrivialGotos (289 bytes)


---------------  P R O C E S S  ---------------

Java Threads: ( => current thread )
  0x000000001d9e1800 JavaThread "ForkJoinPool.commonPool-worker-1" daemon [_thread_in_Java, id=10176, stack(0x0000000027500000,0x0000000027600000)]
  0x0000000018fe5800 JavaThread "ForkJoinPool.commonPool-worker-0" daemon [_thread_in_Java, id=2220, stack(0x0000000027200000,0x0000000027300000)]
  0x0000000018feb800 JavaThread "ForkJoinPool.commonPool-worker-3" daemon [_thread_in_vm, id=8728, stack(0x0000000027100000,0x0000000027200000)]
  0x0000000018fe8800 JavaThread "Worker Daemon Execution Thread 3" [_thread_blocked, id=8476, stack(0x0000000026bf0000,0x0000000026cf0000)]
  0x000000001a1b1000 JavaThread "Worker Daemon Execution Thread 2" [_thread_blocked, id=9828, stack(0x0000000024380000,0x0000000024480000)]
  0x000000001a1b0000 JavaThread "Worker Daemon Execution" [_thread_blocked, id=4612, stack(0x000000001de50000,0x000000001df50000)]
  0x000000001a1ad000 JavaThread "Cache worker for Java compile cache (E:\@reactNative\ebveneto\ebveneto\ebveneto\.gradle\4.6\javaCompile)" [_thread_blocked, id=8652, stack(0x000000001b7a0000,0x000000001b8a0000)]
  0x000000001a1b3800 JavaThread "stdout" daemon [_thread_in_native, id=9356, stack(0x00000000268f0000,0x00000000269f0000)]
  0x0000000018fea800 JavaThread "stderr" daemon [_thread_in_native, id=7172, stack(0x00000000267f0000,0x00000000268f0000)]
  0x0000000018fe9000 JavaThread "stdout" daemon [_thread_in_native, id=2244, stack(0x00000000266f0000,0x00000000267f0000)]
  0x0000000018fe7000 JavaThread "stderr" daemon [_thread_in_native, id=7792, stack(0x00000000265f0000,0x00000000266f0000)]
  0x0000000018fe6000 JavaThread "stdout" daemon [_thread_in_native, id=4384, stack(0x0000000026e00000,0x0000000026f00000)]
  0x0000000018fea000 JavaThread "stderr" daemon [_thread_in_native, id=7188, stack(0x0000000026d00000,0x0000000026e00000)]
  0x0000000018fe7800 JavaThread "pool-11-thread-1" [_thread_blocked, id=2928, stack(0x00000000264f0000,0x00000000265f0000)]
  0x000000001e776800 JavaThread "Task worker for ':' Thread 3" [_thread_blocked, id=4116, stack(0x0000000025cf0000,0x0000000025df0000)]
  0x000000001e774800 JavaThread "Task worker for ':' Thread 2" [_thread_blocked, id=9312, stack(0x0000000025990000,0x0000000025a90000)]
  0x00000000193f8800 JavaThread "Task worker for ':'" [_thread_blocked, id=3248, stack(0x0000000025890000,0x0000000025990000)]
  0x00000000193fe800 JavaThread "Cache worker for Build Output Cleanup Cache (E:\@reactNative\ebveneto\ebveneto\ebveneto\.gradle\buildOutputCleanup)" [_thread_blocked, id=3528, stack(0x0000000025790000,0x0000000025890000)]
  0x00000000193fd800 JavaThread "Cache worker for task history cache (E:\@reactNative\ebveneto\ebveneto\ebveneto\.gradle\4.6\taskHistory)" [_thread_blocked, id=5184, stack(0x0000000024490000,0x0000000024590000)]
  0x00000000193fa000 JavaThread "Cache worker for file content cache (E:\@reactNative\ebveneto\ebveneto\ebveneto\.gradle\4.6\fileContent)" [_thread_blocked, id=9660, stack(0x0000000024280000,0x0000000024380000)]
  0x00000000193fd000 JavaThread "Build operations Thread 4" [_thread_blocked, id=76, stack(0x0000000021ad0000,0x0000000021bd0000)]
  0x000000001d9e3000 JavaThread "Build operations Thread 3" [_thread_blocked, id=2304, stack(0x0000000021500000,0x0000000021600000)]
  0x000000001d9e2000 JavaThread "Build operations Thread 2" [_thread_blocked, id=5772, stack(0x0000000021400000,0x0000000021500000)]
  0x000000001d9e0800 JavaThread "Build operations" [_thread_blocked, id=5472, stack(0x0000000021300000,0x0000000021400000)]
  0x000000001d9e0000 JavaThread "Cache worker for Artifact transforms cache (C:\Users\rohitAndroid\.gradle\caches\transforms-1)" [_thread_blocked, id=7352, stack(0x0000000021200000,0x0000000021300000)]
  0x000000001d9df000 JavaThread "Cache worker for file hash cache (E:\@reactNative\ebveneto\ebveneto\ebveneto\.gradle\4.6\fileHashes)" [_thread_blocked, id=6644, stack(0x0000000021100000,0x0000000021200000)]
  0x000000001d9dd800 JavaThread "Asynchronous log dispatcher for DefaultDaemonConnection: socket connection from /127.0.0.1:63382 to /127.0.0.1:63441" [_thread_blocked, id=4220, stack(0x000000001ca80000,0x000000001cb80000)]
  0x000000001d9e3800 JavaThread "Cancel handler" [_thread_blocked, id=6528, stack(0x000000001c280000,0x000000001c380000)]
  0x000000001d9e4800 JavaThread "Handler for socket connection from /127.0.0.1:63382 to /127.0.0.1:63441" [_thread_in_native, id=5364, stack(0x000000001bf80000,0x000000001c080000)]
  0x000000001e776000 JavaThread "Daemon worker Thread 2" [_thread_blocked, id=3380, stack(0x000000001c380000,0x000000001c480000)]
  0x000000001e779000 JavaThread "Daemon Thread 2" [_thread_blocked, id=5440, stack(0x000000001be80000,0x000000001bf80000)]
  0x000000001e778000 JavaThread "Memory manager" [_thread_blocked, id=6880, stack(0x00000000209c0000,0x0000000020ac0000)]
  0x000000001e77a800 JavaThread "pool-1-thread-1" [_thread_blocked, id=7688, stack(0x000000001f000000,0x000000001f100000)]
  0x00000000193f7800 JavaThread "File lock request listener" [_thread_in_native, id=9176, stack(0x000000001c980000,0x000000001ca80000)]
  0x00000000193fb800 JavaThread "Cache worker for file hash cache (C:\Users\rohitAndroid\.gradle\caches\4.6\fileHashes)" [_thread_blocked, id=8104, stack(0x000000001c880000,0x000000001c980000)]
  0x0000000018817800 JavaThread "Daemon periodic checks" [_thread_blocked, id=10160, stack(0x000000001bd80000,0x000000001be80000)]
  0x0000000019c77800 JavaThread "Incoming local TCP Connector on port 63382" [_thread_in_native, id=5200, stack(0x000000001b8a0000,0x000000001b9a0000)]
  0x000000001a056800 JavaThread "Daemon health stats" [_thread_blocked, id=5308, stack(0x000000001b4a0000,0x000000001b5a0000)]
  0x0000000018738800 JavaThread "Service Thread" daemon [_thread_blocked, id=2596, stack(0x0000000018b00000,0x0000000018c00000)]
  0x0000000016de9000 JavaThread "C1 CompilerThread2" daemon [_thread_blocked, id=6036, stack(0x0000000018600000,0x0000000018700000)]
=>0x0000000016ddc800 JavaThread "C2 CompilerThread1" daemon [_thread_in_native, id=4412, stack(0x0000000018500000,0x0000000018600000)]
  0x0000000016dd8800 JavaThread "C2 CompilerThread0" daemon [_thread_in_native, id=5028, stack(0x0000000018400000,0x0000000018500000)]
  0x0000000016dd7000 JavaThread "Attach Listener" daemon [_thread_blocked, id=2476, stack(0x0000000018300000,0x0000000018400000)]
  0x0000000016dd4000 JavaThread "Signal Dispatcher" daemon [_thread_blocked, id=8296, stack(0x0000000018200000,0x0000000018300000)]
  0x00000000021ac800 JavaThread "Finalizer" daemon [_thread_blocked, id=5612, stack(0x0000000018030000,0x0000000018130000)]
  0x00000000021a1800 JavaThread "Reference Handler" daemon [_thread_blocked, id=2920, stack(0x0000000017f30000,0x0000000018030000)]
  0x00000000020b3800 JavaThread "main" [_thread_blocked, id=4304, stack(0x0000000001c40000,0x0000000001d40000)]

Other Threads:
  0x0000000016d98000 VMThread [stack: 0x0000000017e30000,0x0000000017f30000] [id=2512]
  0x0000000016e2d800 WatcherThread [stack: 0x0000000018c00000,0x0000000018d00000] [id=10200]

VM state:not at safepoint (normal execution)

VM Mutex/Monitor currently owned by a thread: None

heap address: 0x0000000080000000, size: 2048 MB, Compressed Oops mode: 32-bit
Narrow klass base: 0x0000000000000000, Narrow klass shift: 3
Compressed class space size: 1073741824 Address: 0x0000000100000000

Heap:
 PSYoungGen      total 386048K, used 188428K [0x00000000d5580000, 0x00000000f2f80000, 0x0000000100000000)
  eden space 286720K, 61% used [0x00000000d5580000,0x00000000e022bcf8,0x00000000e6d80000)
  from space 99328K, 11% used [0x00000000e6d80000,0x00000000e78d74a0,0x00000000ece80000)
  to   space 99328K, 0% used [0x00000000ece80000,0x00000000ece80000,0x00000000f2f80000)
 ParOldGen       total 165376K, used 98691K [0x0000000080000000, 0x000000008a180000, 0x00000000d5580000)
  object space 165376K, 59% used [0x0000000080000000,0x0000000086060ea8,0x000000008a180000)
 Metaspace       used 91075K, capacity 95012K, committed 95576K, reserved 1132544K
  class space    used 11702K, capacity 12543K, committed 12672K, reserved 1048576K

Card table byte_map: [0x0000000011570000,0x0000000011980000] byte_map_base: 0x0000000011170000

Marking Bits: (ParMarkBitMap*) 0x000000005f706d90
 Begin Bits: [0x0000000012030000, 0x0000000014030000)
 End Bits:   [0x0000000014030000, 0x0000000016030000)

Polling page: 0x00000000004c0000

CodeCache: size=245760Kb used=58657Kb max_used=58657Kb free=187102Kb
 bounds [0x00000000021b0000, 0x0000000005b80000, 0x00000000111b0000]
 total_blobs=17807 nmethods=16912 adapters=806
 compilation: enabled

Compilation events (10 events):
Event: 507.387 Thread 0x0000000016de9000 21324       2       java.util.IdentityHashMap$IdentityHashMapSpliterator::getFence (47 bytes)
Event: 507.388 Thread 0x0000000016de9000 nmethod 21324 0x0000000005743710 code [0x0000000005743860, 0x00000000057439d0]
Event: 507.391 Thread 0x0000000016de9000 21325       2       com.android.tools.r8.dex.FileWriter::writeItems (48 bytes)
Event: 507.392 Thread 0x0000000016de9000 nmethod 21325 0x0000000005742f10 code [0x00000000057430c0, 0x0000000005743408]
Event: 507.392 Thread 0x0000000016de9000 21326       1       com.android.tools.r8.dex.FileWriter$Layout::getEndOfFile (5 bytes)
Event: 507.392 Thread 0x0000000016de9000 nmethod 21326 0x0000000005742c50 code [0x0000000005742da0, 0x0000000005742eb0]
Event: 507.413 Thread 0x0000000016de9000 21327       2       com.android.tools.r8.org.objectweb.asm.ClassReader::readAnnotationValue (1211 bytes)
Event: 507.418 Thread 0x0000000016de9000 nmethod 21327 0x0000000005b3b690 code [0x0000000005b3bbc0, 0x0000000005b3ddf8]
Event: 507.419 Thread 0x0000000016de9000 21328       2       com.android.tools.r8.graph.JarClassFileReader$CreateMethodVisitor::visitParameterAnnotation (144 bytes)
Event: 507.420 Thread 0x0000000016de9000 nmethod 21328 0x0000000005b3ad90 code [0x0000000005b3af40, 0x0000000005b3b3c8]

GC Heap History (10 events):
Event: 499.834 GC heap before
{Heap before GC invocations=35 (full 3):
 PSYoungGen      total 304640K, used 258250K [0x00000000d5580000, 0x00000000f0d80000, 0x0000000100000000)
  eden space 200704K, 100% used [0x00000000d5580000,0x00000000e1980000,0x00000000e1980000)
  from space 103936K, 55% used [0x00000000e1980000,0x00000000e51b2930,0x00000000e7f00000)
  to   space 102912K, 0% used [0x00000000ea900000,0x00000000ea900000,0x00000000f0d80000)
 ParOldGen       total 165376K, used 105710K [0x0000000080000000, 0x000000008a180000, 0x00000000d5580000)
  object space 165376K, 63% used [0x0000000080000000,0x000000008673bb78,0x000000008a180000)
 Metaspace       used 91159K, capacity 95140K, committed 95320K, reserved 1132544K
  class space    used 11751K, capacity 12595K, committed 12672K, reserved 1048576K
Event: 499.923 GC heap after
Heap after GC invocations=35 (full 3):
 PSYoungGen      total 338432K, used 30095K [0x00000000d5580000, 0x00000000f0600000, 0x0000000100000000)
  eden space 243200K, 0% used [0x00000000d5580000,0x00000000d5580000,0x00000000e4300000)
  from space 95232K, 31% used [0x00000000ea900000,0x00000000ec663e90,0x00000000f0600000)
  to   space 99840K, 0% used [0x00000000e4300000,0x00000000e4300000,0x00000000ea480000)
 ParOldGen       total 165376K, used 128419K [0x0000000080000000, 0x000000008a180000, 0x00000000d5580000)
  object space 165376K, 77% used [0x0000000080000000,0x0000000087d68cf8,0x000000008a180000)
 Metaspace       used 91159K, capacity 95140K, committed 95320K, reserved 1132544K
  class space    used 11751K, capacity 12595K, committed 12672K, reserved 1048576K
}
Event: 501.576 GC heap before
{Heap before GC invocations=36 (full 3):
 PSYoungGen      total 338432K, used 273295K [0x00000000d5580000, 0x00000000f0600000, 0x0000000100000000)
  eden space 243200K, 100% used [0x00000000d5580000,0x00000000e4300000,0x00000000e4300000)
  from space 95232K, 31% used [0x00000000ea900000,0x00000000ec663e90,0x00000000f0600000)
  to   space 99840K, 0% used [0x00000000e4300000,0x00000000e4300000,0x00000000ea480000)
 ParOldGen       total 165376K, used 128419K [0x0000000080000000, 0x000000008a180000, 0x00000000d5580000)
  object space 165376K, 77% used [0x0000000080000000,0x0000000087d68cf8,0x000000008a180000)
 Metaspace       used 91176K, capacity 95240K, committed 95320K, reserved 1132544K
  class space    used 11752K, capacity 12627K, committed 12672K, reserved 1048576K
Event: 501.737 GC heap after
Heap after GC invocations=36 (full 3):
 PSYoungGen      total 343040K, used 13879K [0x00000000d5580000, 0x00000000f2f80000, 0x0000000100000000)
  eden space 243200K, 0% used [0x00000000d5580000,0x00000000d5580000,0x00000000e4300000)
  from space 99840K, 13% used [0x00000000e4300000,0x00000000e508dc30,0x00000000ea480000)
  to   space 99328K, 0% used [0x00000000ece80000,0x00000000ece80000,0x00000000f2f80000)
 ParOldGen       total 165376K, used 142775K [0x0000000080000000, 0x000000008a180000, 0x00000000d5580000)
  object space 165376K, 86% used [0x0000000080000000,0x0000000088b6de98,0x000000008a180000)
 Metaspace       used 91176K, capacity 95240K, committed 95320K, reserved 1132544K
  class space    used 11752K, capacity 12627K, committed 12672K, reserved 1048576K
}
Event: 501.737 GC heap before
{Heap before GC invocations=37 (full 4):
 PSYoungGen      total 343040K, used 13879K [0x00000000d5580000, 0x00000000f2f80000, 0x0000000100000000)
  eden space 243200K, 0% used [0x00000000d5580000,0x00000000d5580000,0x00000000e4300000)
  from space 99840K, 13% used [0x00000000e4300000,0x00000000e508dc30,0x00000000ea480000)
  to   space 99328K, 0% used [0x00000000ece80000,0x00000000ece80000,0x00000000f2f80000)
 ParOldGen       total 165376K, used 142775K [0x0000000080000000, 0x000000008a180000, 0x00000000d5580000)
  object space 165376K, 86% used [0x0000000080000000,0x0000000088b6de98,0x000000008a180000)
 Metaspace       used 91176K, capacity 95240K, committed 95320K, reserved 1132544K
  class space    used 11752K, capacity 12627K, committed 12672K, reserved 1048576K
Event: 503.123 GC heap after
Heap after GC invocations=37 (full 4):
 PSYoungGen      total 343040K, used 0K [0x00000000d5580000, 0x00000000f2f80000, 0x0000000100000000)
  eden space 243200K, 0% used [0x00000000d5580000,0x00000000d5580000,0x00000000e4300000)
  from space 99840K, 0% used [0x00000000e4300000,0x00000000e4300000,0x00000000ea480000)
  to   space 99328K, 0% used [0x00000000ece80000,0x00000000ece80000,0x00000000f2f80000)
 ParOldGen       total 165376K, used 98683K [0x0000000080000000, 0x000000008a180000, 0x00000000d5580000)
  object space 165376K, 59% used [0x0000000080000000,0x000000008605eea8,0x000000008a180000)
 Metaspace       used 91039K, capacity 94944K, committed 95320K, reserved 1132544K
  class space    used 11702K, capacity 12543K, committed 12672K, reserved 1048576K
}
Event: 504.556 GC heap before
{Heap before GC invocations=38 (full 4):
 PSYoungGen      total 343040K, used 243200K [0x00000000d5580000, 0x00000000f2f80000, 0x0000000100000000)
  eden space 243200K, 100% used [0x00000000d5580000,0x00000000e4300000,0x00000000e4300000)
  from space 99840K, 0% used [0x00000000e4300000,0x00000000e4300000,0x00000000ea480000)
  to   space 99328K, 0% used [0x00000000ece80000,0x00000000ece80000,0x00000000f2f80000)
 ParOldGen       total 165376K, used 98683K [0x0000000080000000, 0x000000008a180000, 0x00000000d5580000)
  object space 165376K, 59% used [0x0000000080000000,0x000000008605eea8,0x000000008a180000)
 Metaspace       used 91041K, capacity 94948K, committed 95320K, reserved 1132544K
  class space    used 11702K, capacity 12543K, committed 12672K, reserved 1048576K
Event: 504.572 GC heap after
Heap after GC invocations=38 (full 4):
 PSYoungGen      total 386048K, used 6207K [0x00000000d5580000, 0x00000000f2f80000, 0x0000000100000000)
  eden space 286720K, 0% used [0x00000000d5580000,0x00000000d5580000,0x00000000e6d80000)
  from space 99328K, 6% used [0x00000000ece80000,0x00000000ed48fd08,0x00000000f2f80000)
  to   space 99328K, 0% used [0x00000000e6d80000,0x00000000e6d80000,0x00000000ece80000)
 ParOldGen       total 165376K, used 98691K [0x0000000080000000, 0x000000008a180000, 0x00000000d5580000)
  object space 165376K, 59% used [0x0000000080000000,0x0000000086060ea8,0x000000008a180000)
 Metaspace       used 91041K, capacity 94948K, committed 95320K, reserved 1132544K
  class space    used 11702K, capacity 12543K, committed 12672K, reserved 1048576K
}
Event: 506.552 GC heap before
{Heap before GC invocations=39 (full 4):
 PSYoungGen      total 386048K, used 292927K [0x00000000d5580000, 0x00000000f2f80000, 0x0000000100000000)
  eden space 286720K, 100% used [0x00000000d5580000,0x00000000e6d80000,0x00000000e6d80000)
  from space 99328K, 6% used [0x00000000ece80000,0x00000000ed48fd08,0x00000000f2f80000)
  to   space 99328K, 0% used [0x00000000e6d80000,0x00000000e6d80000,0x00000000ece80000)
 ParOldGen       total 165376K, used 98691K [0x0000000080000000, 0x000000008a180000, 0x00000000d5580000)
  object space 165376K, 59% used [0x0000000080000000,0x0000000086060ea8,0x000000008a180000)
 Metaspace       used 91055K, capacity 94948K, committed 95320K, reserved 1132544K
  class space    used 11702K, capacity 12543K, committed 12672K, reserved 1048576K
Event: 506.582 GC heap after
Heap after GC invocations=39 (full 4):
 PSYoungGen      total 386048K, used 11613K [0x00000000d5580000, 0x00000000f2f80000, 0x0000000100000000)
  eden space 286720K, 0% used [0x00000000d5580000,0x00000000d5580000,0x00000000e6d80000)
  from space 99328K, 11% used [0x00000000e6d80000,0x00000000e78d74a0,0x00000000ece80000)
  to   space 99328K, 0% used [0x00000000ece80000,0x00000000ece80000,0x00000000f2f80000)
 ParOldGen       total 165376K, used 98691K [0x0000000080000000, 0x000000008a180000, 0x00000000d5580000)
  object space 165376K, 59% used [0x0000000080000000,0x0000000086060ea8,0x000000008a180000)
 Metaspace       used 91055K, capacity 94948K, committed 95320K, reserved 1132544K
  class space    used 11702K, capacity 12543K, committed 12672K, reserved 1048576K
}

Deoptimization events (10 events):
Event: 500.354 Thread 0x0000000018feb800 Uncommon trap: reason=unstable_if action=reinterpret pc=0x0000000005955534 method=com.android.tools.r8.graph.DexString.countBytes(Ljava/lang/String;)I @ 19
Event: 500.361 Thread 0x0000000018feb800 Uncommon trap: reason=unstable_if action=reinterpret pc=0x0000000005a2f9b8 method=com.android.tools.r8.graph.DexString.slowCompareTo(Lcom/android/tools/r8/graph/DexString;)I @ 80
Event: 500.413 Thread 0x000000001d9e1800 Uncommon trap: reason=unstable_if action=reinterpret pc=0x0000000004d7be64 method=com.android.tools.r8.ir.code.ValueType.isWide()Z @ 11
Event: 500.413 Thread 0x000000001d9e1800 Uncommon trap: reason=unstable_if action=reinterpret pc=0x00000000049c6fe0 method=com.android.tools.r8.ir.code.ValueType.isWide()Z @ 11
Event: 500.546 Thread 0x000000001d9e1800 Uncommon trap: reason=unstable_if action=reinterpret pc=0x0000000005ae24f0 method=com.android.tools.r8.ir.conversion.JarState$Slot.isCategory1(Lcom/android/tools/r8/org/objectweb/asm/Type;)Z @ 11
Event: 503.734 Thread 0x0000000018feb800 Uncommon trap: reason=unstable_if action=reinterpret pc=0x00000000057be940 method=com.android.tools.r8.ir.regalloc.LinearScanRegisterAllocator.updateRegisterHints(Lcom/android/tools/r8/ir/regalloc/LiveIntervals;)V @ 154
Event: 504.923 Thread 0x0000000018fe5800 Uncommon trap: reason=unstable_if action=reinterpret pc=0x0000000005932fe4 method=com.android.tools.r8.ir.regalloc.LinearScanRegisterAllocator.allocateSingleInterval(Lcom/android/tools/r8/ir/regalloc/LiveIntervals;Lcom/android/tools/r8/ir/regalloc/LinearS
Event: 505.460 Thread 0x0000000018feb800 Uncommon trap: reason=unstable_if action=reinterpret pc=0x0000000005043ea0 method=com.android.tools.r8.dex.DexOutputBuffer.ensureSpaceFor(I)V @ 8
Event: 505.882 Thread 0x000000001d9e1800 Uncommon trap: reason=unstable_if action=reinterpret pc=0x0000000005a27d20 method=java.util.HashMap$TreeNode.find(ILjava/lang/Object;Ljava/lang/Class;)Ljava/util/HashMap$TreeNode; @ 58
Event: 506.078 Thread 0x0000000018feb800 Uncommon trap: reason=unstable_if action=reinterpret pc=0x0000000005aecac4 method=com.android.tools.r8.ir.code.Instruction.identicalAfterRegisterAllocation(Lcom/android/tools/r8/ir/code/Instruction;Lcom/android/tools/r8/ir/regalloc/RegisterAllocator;)Z @ 

Classes redefined (0 events):
No events

Internal exceptions (10 events):
Event: 485.480 Thread 0x000000001e776000 Exception <a 'sun/nio/fs/WindowsException'> (0x00000000ddef7ff8) thrown at [C:\re\workspace\8-2-build-windows-amd64-cygwin\jdk8u231\13620\hotspot\src\share\vm\prims\jni.cpp, line 710]
Event: 485.480 Thread 0x000000001e776000 Exception <a 'sun/nio/fs/WindowsException'> (0x00000000ddefa0e8) thrown at [C:\re\workspace\8-2-build-windows-amd64-cygwin\jdk8u231\13620\hotspot\src\share\vm\prims\jni.cpp, line 710]
Event: 485.530 Thread 0x000000001e776000 Exception <a 'sun/nio/fs/WindowsException'> (0x00000000ddf87f10) thrown at [C:\re\workspace\8-2-build-windows-amd64-cygwin\jdk8u231\13620\hotspot\src\share\vm\prims\jni.cpp, line 710]
Event: 485.530 Thread 0x000000001e776000 Exception <a 'sun/nio/fs/WindowsException'> (0x00000000ddf88e70) thrown at [C:\re\workspace\8-2-build-windows-amd64-cygwin\jdk8u231\13620\hotspot\src\share\vm\prims\jni.cpp, line 710]
Event: 485.530 Thread 0x000000001e776000 Exception <a 'sun/nio/fs/WindowsException'> (0x00000000ddf8af60) thrown at [C:\re\workspace\8-2-build-windows-amd64-cygwin\jdk8u231\13620\hotspot\src\share\vm\prims\jni.cpp, line 710]
Event: 485.552 Thread 0x000000001e776000 Exception <a 'sun/nio/fs/WindowsException'> (0x00000000ddfc8560) thrown at [C:\re\workspace\8-2-build-windows-amd64-cygwin\jdk8u231\13620\hotspot\src\share\vm\prims\jni.cpp, line 710]
Event: 485.552 Thread 0x000000001e776000 Exception <a 'sun/nio/fs/WindowsException'> (0x00000000ddfc94c0) thrown at [C:\re\workspace\8-2-build-windows-amd64-cygwin\jdk8u231\13620\hotspot\src\share\vm\prims\jni.cpp, line 710]
Event: 485.553 Thread 0x000000001e776000 Exception <a 'sun/nio/fs/WindowsException'> (0x00000000ddfcb5b0) thrown at [C:\re\workspace\8-2-build-windows-amd64-cygwin\jdk8u231\13620\hotspot\src\share\vm\prims\jni.cpp, line 710]
Event: 491.021 Thread 0x0000000018fe5800 Implicit null exception at 0x000000000566f0be to 0x0000000005670561
Event: 506.078 Thread 0x0000000018feb800 Implicit null exception at 0x0000000005aebb8f to 0x0000000005aecaa9

Events (10 events):
Event: 506.652 Thread 0x0000000018fe5800 DEOPT PACKING pc=0x0000000004e0d695 sp=0x00000000272fdbb0
Event: 506.652 Thread 0x0000000018fe5800 DEOPT UNPACKING pc=0x00000000021f7890 sp=0x00000000272fd9e0 mode 0
Event: 506.722 Thread 0x0000000018fe5800 DEOPT PACKING pc=0x0000000004bae5c6 sp=0x00000000272fda60
Event: 506.722 Thread 0x0000000018fe5800 DEOPT UNPACKING pc=0x00000000021f7890 sp=0x00000000272fd870 mode 0
Event: 506.914 Thread 0x0000000018feb800 DEOPT PACKING pc=0x00000000051824a0 sp=0x00000000271fe6e0
Event: 506.914 Thread 0x0000000018feb800 DEOPT UNPACKING pc=0x00000000021f7890 sp=0x00000000271fe4d8 mode 0
Event: 507.018 Thread 0x000000001d9e1800 DEOPT PACKING pc=0x0000000004bae5c6 sp=0x00000000275fded0
Event: 507.018 Thread 0x000000001d9e1800 DEOPT UNPACKING pc=0x00000000021f7890 sp=0x00000000275fdce0 mode 0
Event: 507.238 Thread 0x0000000018fe5800 DEOPT PACKING pc=0x0000000004bae5c6 sp=0x00000000272fda60
Event: 507.238 Thread 0x0000000018fe5800 DEOPT UNPACKING pc=0x00000000021f7890 sp=0x00000000272fd870 mode 0


Dynamic libraries:
0x000007f7bcf30000 - 0x000007f7bcf67000 	C:\Program Files\Java\jdk1.8.0_231\bin\java.exe
0x000007f9051b0000 - 0x000007f90536e000 	C:\Windows\SYSTEM32\ntdll.dll
0x000007f902f20000 - 0x000007f903056000 	C:\Windows\system32\KERNEL32.DLL
0x000007f902440000 - 0x000007f902533000 	C:\Windows\system32\KERNELBASE.dll
0x000007f8fbe30000 - 0x000007f8fbecf000 	C:\Windows\system32\apphelp.dll
0x000007f9046f0000 - 0x000007f9047ce000 	C:\Windows\system32\ADVAPI32.dll
0x000007f902dd0000 - 0x000007f902f1c000 	C:\Windows\system32\USER32.dll
0x000007f8fff00000 - 0x000007f90016a000 	C:\Windows\WinSxS\amd64_microsoft.windows.common-controls_6595b64144ccf1df_6.0.9200.17359_none_4188b989718cf1c6\COMCTL32.dll
0x000007f904f50000 - 0x000007f904ff5000 	C:\Windows\system32\msvcrt.dll
0x000007f904c10000 - 0x000007f904c58000 	C:\Windows\SYSTEM32\sechost.dll
0x000007f9048b0000 - 0x000007f9049f0000 	C:\Windows\system32\RPCRT4.dll
0x000007f904e10000 - 0x000007f904f50000 	C:\Windows\system32\GDI32.dll
0x000007f902d80000 - 0x000007f902db9000 	C:\Windows\system32\IMM32.DLL
0x000007f904c60000 - 0x000007f904d74000 	C:\Windows\system32\MSCTF.dll
0x000000005f790000 - 0x000000005f862000 	C:\Program Files\Java\jdk1.8.0_231\jre\bin\msvcr100.dll
0x000000005eee0000 - 0x000000005f786000 	C:\Program Files\Java\jdk1.8.0_231\jre\bin\server\jvm.dll
0x000007f8f9b00000 - 0x000007f8f9b09000 	C:\Windows\SYSTEM32\WSOCK32.dll
0x000007f8fa270000 - 0x000007f8fa290000 	C:\Windows\SYSTEM32\WINMM.dll
0x000007f8f97a0000 - 0x000007f8f97a9000 	C:\Windows\SYSTEM32\VERSION.dll
0x000007f904d90000 - 0x000007f904d97000 	C:\Windows\system32\PSAPI.DLL
0x000007f9047d0000 - 0x000007f904828000 	C:\Windows\system32\WS2_32.dll
0x000007f8fa230000 - 0x000007f8fa262000 	C:\Windows\SYSTEM32\WINMMBASE.dll
0x000007f9026c0000 - 0x000007f9026c9000 	C:\Windows\system32\NSI.dll
0x000007f8f4170000 - 0x000007f8f417f000 	C:\Program Files\Java\jdk1.8.0_231\jre\bin\verify.dll
0x000007f8efd50000 - 0x000007f8efd79000 	C:\Program Files\Java\jdk1.8.0_231\jre\bin\java.dll
0x000007f8f2730000 - 0x000007f8f2746000 	C:\Program Files\Java\jdk1.8.0_231\jre\bin\zip.dll
0x000007f903060000 - 0x000007f904345000 	C:\Windows\system32\SHELL32.dll
0x000007f905000000 - 0x000007f9051b0000 	C:\Windows\SYSTEM32\combase.dll
0x000007f9045f0000 - 0x000007f904640000 	C:\Windows\system32\SHLWAPI.dll
0x000007f900850000 - 0x000007f9008e6000 	C:\Windows\SYSTEM32\SHCORE.dll
0x000007f9020e0000 - 0x000007f9020f5000 	C:\Windows\SYSTEM32\profapi.dll
0x000007f8f0310000 - 0x000007f8f032a000 	C:\Program Files\Java\jdk1.8.0_231\jre\bin\net.dll
0x000007f901930000 - 0x000007f90198c000 	C:\Windows\system32\mswsock.dll
0x000007f8efd30000 - 0x000007f8efd42000 	C:\Program Files\Java\jdk1.8.0_231\jre\bin\nio.dll
0x000007f8f2810000 - 0x000007f8f282e000 	C:\Users\rohitAndroid\.gradle\native\25\windows-amd64\native-platform.dll
0x000007f8f3f90000 - 0x000007f8f3f9d000 	C:\Program Files\Java\jdk1.8.0_231\jre\bin\management.dll
0x000007f901990000 - 0x000007f9019aa000 	C:\Windows\SYSTEM32\CRYPTSP.dll
0x000007f901610000 - 0x000007f901659000 	C:\Windows\system32\rsaenh.dll
0x000007f901710000 - 0x000007f90172f000 	C:\Windows\SYSTEM32\USERENV.dll
0x000007f901f20000 - 0x000007f901f2a000 	C:\Windows\SYSTEM32\CRYPTBASE.dll
0x000007f901ec0000 - 0x000007f901f1c000 	C:\Windows\SYSTEM32\bcryptPrimitives.dll
0x000007f8fce90000 - 0x000007f8fcebc000 	C:\Windows\SYSTEM32\IPHLPAPI.DLL
0x000007f8fce60000 - 0x000007f8fce6a000 	C:\Windows\SYSTEM32\WINNSI.DLL
0x000007f8fc9f0000 - 0x000007f8fca03000 	C:\Windows\SYSTEM32\dhcpcsvc6.DLL
0x000007f8fc950000 - 0x000007f8fc968000 	C:\Windows\SYSTEM32\dhcpcsvc.DLL
0x000007f8ef7a0000 - 0x000007f8ef7c4000 	C:\Program Files\Java\jdk1.8.0_231\jre\bin\sunec.dll
0x000007f901770000 - 0x000007f901808000 	C:\Windows\SYSTEM32\DNSAPI.dll
0x000007f8f4810000 - 0x000007f8f4818000 	C:\Windows\System32\rasadhlp.dll
0x000007f8fcb40000 - 0x000007f8fcba1000 	C:\Windows\System32\fwpuclnt.dll
0x000007f8f3c30000 - 0x000007f8f3c3b000 	C:\Program Files\Java\jdk1.8.0_231\jre\bin\sunmscapi.dll
0x000007f902260000 - 0x000007f902437000 	C:\Windows\system32\CRYPT32.dll
0x000007f902190000 - 0x000007f9021a6000 	C:\Windows\system32\MSASN1.dll
0x000007f8fb4b0000 - 0x000007f8fb4de000 	C:\Windows\SYSTEM32\ntmarta.dll

VM Arguments:
jvm_args: -XX:MaxPermSize=512m -XX:+HeapDumpOnOutOfMemoryError -Xmx2048m -Dfile.encoding=UTF-8 -Duser.country=US -Duser.language=en -Duser.variant 
java_command: org.gradle.launcher.daemon.bootstrap.GradleDaemon 4.6
java_class_path (initial): C:\Users\rohitAndroid\.gradle\wrapper\dists\gradle-4.6-all\bcst21l2brirad8k2ben1letg\gradle-4.6\lib\gradle-launcher-4.6.jar
Launcher Type: SUN_STANDARD

Environment Variables:
JAVA_HOME=C:\Program Files\Java\jdk1.8.0_231
PATH=C:\Program Files (x86)\Common Files\Oracle\Java\javapath;C:\Program Files (x86)\Intel\iCLS Client\;C:\Program Files\Intel\iCLS Client\;C:\Windows\system32;C:\Windows;C:\Windows\System32\Wbem;C:\Windows\System32\WindowsPowerShell\v1.0\;C:\Program Files\Intel\Intel(R) Management Engine Components\DAL;C:\Program Files (x86)\Intel\Intel(R) Management Engine Components\DAL;C:\Program Files\Intel\Intel(R) Management Engine Components\IPT;C:\Program Files (x86)\Intel\Intel(R) Management Engine Components\IPT;C:\Program Files (x86)\AMD\ATI.ACE\Core-Static;C:\Program Files\Intel\WiFi\bin\;C:\Program Files\Common Files\Intel\WirelessCommon\;C:\Program Files\nodejs\;E:\@Flutter\flutter_windows_v1.12.13+hotfix.8-stable\flutter\bin;C:\Program Files (x86)\CrSSL\bin;C:\Program Files\dotnet\;C:\Program Files (x86)\dotnet\;C:\Program Files\Android\Android Studio\jre;C:\Program Files\Java\jdk1.8.0_231;C:\Program Files\Git\cmd;C:\Program Files\Intel\WiFi\bin\;C:\Program Files\Common Files\Intel\WirelessCommon\;C:\Users\rohitAndroid\AppData\Local\Programs\Microsoft VS Code\bin;C:\Users\rohitAndroid\AppData\Roaming\npm
USERNAME=rohitAndroid
OS=Windows_NT
PROCESSOR_IDENTIFIER=Intel64 Family 6 Model 61 Stepping 4, GenuineIntel



---------------  S Y S T E M  ---------------

OS: Windows 8 , 64 bit Build 9200 (6.2.9200.16384)

CPU:total 4 (initial active 4) (2 cores per cpu, 2 threads per core) family 6 model 61 stepping 4, cmov, cx8, fxsr, mmx, sse, sse2, sse3, ssse3, sse4.1, sse4.2, popcnt, avx, avx2, aes, clmul, erms, 3dnowpref, lzcnt, ht, tsc, tscinvbit, bmi1, bmi2, adx

Memory: 4k page, physical 8306224k(1373672k free), swap 8306224k(5388k free)

vm_info: Java HotSpot(TM) 64-Bit Server VM (25.231-b11) for windows-amd64 JRE (1.8.0_231-b11), built on Oct  5 2019 03:11:30 by "java_re" with MS VC++ 10.0 (VS2010)

time: Tue Jun 23 20:56:16 2020
timezone: India Standard Time
elapsed time: 507 seconds (0d 0h 8m 27s)

