JvmtiExport can_access_local_variables 0
JvmtiExport can_hotswap_or_post_breakpoint 0
JvmtiExport can_post_on_exceptions 0
# 518 ciObject found
ciMethod java/lang/Object <init> ()V 4097 1 136063 0 0
ciMethod java/lang/Object hashCode ()I 3073 1 384 0 -1
ciMethod java/lang/Object equals (Ljava/lang/Object;)Z 2481 1 2785 0 -1
ciMethod java/lang/Object clone ()Ljava/lang/Object; 2049 1 256 0 -1
ciMethod java/lang/String <init> ([CII)V 2049 1 5469 0 704
ciMethod java/lang/String <init> ([BIILjava/lang/String;)V 3105 1 999 0 -1
ciMethod java/lang/String <init> ([CZ)V 2185 1 10967 0 0
ciMethod java/lang/String length ()I 4097 1 88257 0 0
ciMethod java/lang/String charAt (I)C 4097 1 960307 0 128
ciMethod java/lang/String codePointAt (I)I 889 1 3417 0 -1
ciMethod java/lang/String getChars ([CI)V 2153 1 5415 0 0
ciMethod java/lang/String equals (Ljava/lang/Object;)Z 3081 13321 2738 0 -1
ciMethod java/lang/String equalsIgnoreCase (Ljava/lang/String;)Z 2121 1 5386 0 1472
ciMethod java/lang/String regionMatches (ZILjava/lang/String;II)Z 1369 625 5337 0 1984
ciMethod java/lang/String startsWith (Ljava/lang/String;I)Z 2369 5737 5766 0 416
ciMethod java/lang/String endsWith (Ljava/lang/String;)Z 1801 1 9738 0 0
ciMethod java/lang/String hashCode ()I 2753 32769 1048 0 288
ciMethod java/lang/String lastIndexOf (I)I 3153 1 12744 0 0
ciMethod java/lang/String lastIndexOf (II)I 1025 53745 890 0 288
ciMethod java/lang/String lastIndexOfSupplementary (II)I 0 0 1 0 -1
ciMethod java/lang/String substring (II)Ljava/lang/String; 2057 1 5749 0 992
ciMethod java/lang/String concat (Ljava/lang/String;)Ljava/lang/String; 2129 1 5415 0 896
ciMethod java/lang/String replace (CC)Ljava/lang/String; 985 49257 1025 0 1152
ciMethod java/lang/String toUpperCase (Ljava/util/Locale;)Ljava/lang/String; 377 9873 769 0 0
ciMethod java/lang/ClassLoader defineClass (Ljava/lang/String;[BIILjava/security/ProtectionDomain;)Ljava/lang/Class; 2169 1 1813 0 -1
ciMethod java/lang/ClassLoader definePackage (Ljava/lang/String;Ljava/lang/String;Ljava/lang/String;Ljava/lang/String;Ljava/lang/String;Ljava/lang/String;Ljava/lang/String;Ljava/net/URL;)Ljava/lang/Package; 945 1 322 0 0
ciMethod java/lang/ClassLoader getPackage (Ljava/lang/String;)Ljava/lang/Package; 2089 1 3566 0 0
ciMethod java/lang/System nanoTime ()J 3073 1 384 0 -1
ciMethod java/lang/System arraycopy (Ljava/lang/Object;ILjava/lang/Object;II)V 5121 1 640 0 -1
ciMethod java/lang/Throwable addSuppressed (Ljava/lang/Throwable;)V 0 0 1 0 -1
ciMethod java/security/SecureClassLoader defineClass (Ljava/lang/String;[BIILjava/security/CodeSource;)Ljava/lang/Class; 2169 1 1771 0 0
ciMethod java/security/SecureClassLoader defineClass (Ljava/lang/String;Ljava/nio/ByteBuffer;Ljava/security/CodeSource;)Ljava/lang/Class; 0 0 1 0 -1
ciMethod java/security/SecureClassLoader getProtectionDomain (Ljava/security/CodeSource;)Ljava/security/ProtectionDomain; 2161 1 1813 0 -1
ciMethod java/lang/ref/Reference get ()Ljava/lang/Object; 1025 1 128 0 -1
ciMethod java/lang/ref/Reference <init> (Ljava/lang/Object;)V 2057 1 2278 0 0
ciMethod java/lang/ref/Reference <init> (Ljava/lang/Object;Ljava/lang/ref/ReferenceQueue;)V 3073 1 10195 0 96
ciMethod java/lang/ref/SoftReference <init> (Ljava/lang/Object;)V 1865 1 1219 0 0
ciMethod java/lang/ref/SoftReference get ()Ljava/lang/Object; 3073 1 4039 0 0
ciMethod java/lang/Thread currentThread ()Ljava/lang/Thread; 2049 1 256 0 -1
ciMethod java/lang/Thread interrupt ()V 0 0 1 0 -1
ciMethod java/lang/Thread interrupted ()Z 3193 1 1854 0 -1
ciMethod java/util/Map get (Ljava/lang/Object;)Ljava/lang/Object; 0 0 1 0 -1
ciMethod java/util/Map put (Ljava/lang/Object;Ljava/lang/Object;)Ljava/lang/Object; 0 0 1 0 -1
ciMethod java/util/Hashtable <init> (IF)V 2049 1 370 0 0
ciMethod java/util/Hashtable <init> (I)V 609 1 76 0 0
ciMethod java/util/Hashtable <init> ()V 2049 1 294 0 0
ciMethod java/util/Dictionary <init> ()V 2049 1 370 0 0
ciMethod java/lang/StringBuilder <init> ()V 657 1 8376 0 -1
ciMethod java/lang/StringBuilder append (Ljava/lang/String;)Ljava/lang/StringBuilder; 1185 1 11830 0 -1
ciMethod java/lang/StringBuilder append (I)Ljava/lang/StringBuilder; 0 0 365 0 -1
ciMethod java/lang/StringBuilder append (F)Ljava/lang/StringBuilder; 0 0 1 0 -1
ciMethod java/lang/StringBuilder toString ()Ljava/lang/String; 657 1 7690 0 -1
ciMethod sun/misc/Unsafe ensureClassInitialized (Ljava/lang/Class;)V 1033 1 129 0 -1
ciMethod java/io/ByteArrayInputStream <init> ([B)V 49 1 77 0 0
ciMethod java/io/InputStream <init> ()V 3081 1 4851 0 0
ciMethod java/io/InputStream read ([BII)I 9 1993 1 0 -1
ciMethod java/io/InputStream close ()V 0 0 1 0 -1
ciMethod java/net/URLClassLoader getAndVerifyPackage (Ljava/lang/String;Ljava/util/jar/Manifest;Ljava/net/URL;)Ljava/lang/Package; 3233 1 1780 0 0
ciMethod java/net/URLClassLoader definePackageInternal (Ljava/lang/String;Ljava/util/jar/Manifest;Ljava/net/URL;)V 2161 1 1771 0 0
ciMethod java/net/URLClassLoader defineClass (Ljava/lang/String;Lsun/misc/Resource;)Ljava/lang/Class; 1137 1 1770 0 0
ciMethod java/net/URLClassLoader definePackage (Ljava/lang/String;Ljava/util/jar/Manifest;Ljava/net/URL;)Ljava/lang/Package; 945 1 322 0 0
ciMethod java/net/URLClassLoader isSealed (Ljava/lang/String;Ljava/util/jar/Manifest;)Z 2065 1 1458 0 0
ciMethod java/net/URLClassLoader access$000 (Ljava/net/URLClassLoader;)Lsun/misc/URLClassPath; 1073 1 134 0 0
ciMethod java/net/URLClassLoader access$100 (Ljava/net/URLClassLoader;Ljava/lang/String;Lsun/misc/Resource;)Ljava/lang/Class; 1137 1 1767 0 0
ciMethod java/util/jar/Manifest <init> (Ljava/io/InputStream;)V 153 1 59 0 0
ciMethod java/util/jar/Manifest <init> (Ljava/util/jar/JarVerifier;Ljava/io/InputStream;)V 201 1 133 0 0
ciMethod java/util/jar/Manifest getMainAttributes ()Ljava/util/jar/Attributes; 1025 1 128 0 0
ciMethod java/util/jar/Manifest getEntries ()Ljava/util/Map; 1033 1 129 0 0
ciMethod java/util/jar/Manifest getAttributes (Ljava/lang/String;)Ljava/util/jar/Attributes; 4097 1 1886 0 0
ciMethod java/util/jar/Manifest getTrustedAttributes (Ljava/lang/String;)Ljava/util/jar/Attributes; 2993 1 1790 0 0
ciMethod java/util/jar/Manifest read (Ljava/io/InputStream;)V 1081 393 134 0 -1
ciMethod java/util/jar/Manifest parseName ([BI)Ljava/lang/String; 393 1 49 0 -1
ciMethod java/security/CodeSource <init> (Ljava/net/URL;[Ljava/security/CodeSigner;)V 2161 1 1770 0 0
ciMethod java/lang/Character charCount (I)I 1201 1 5785 0 -1
ciMethod java/lang/Character toChars (I[CI)I 0 0 1 0 -1
ciMethod java/lang/Character toChars (I)[C 0 0 1 0 -1
ciMethod java/lang/Character toLowerCase (C)C 2089 1 18366 0 192
ciMethod java/lang/Character toLowerCase (I)I 4097 1 283352 0 160
ciMethod java/lang/Character toUpperCase (C)C 2049 1 15867 0 192
ciMethod java/lang/Character toUpperCase (I)I 2049 1 15867 0 0
ciMethod java/lang/Character toUpperCaseEx (I)I 2097 1 25101 0 -1
ciMethod java/lang/Character toUpperCaseCharArray (I)[C 0 0 1 0 -1
ciMethod java/lang/Float isNaN (F)Z 2049 1 1968 0 0
ciMethod java/lang/Float floatToRawIntBits (F)I 9 1 1 0 -1
ciMethod java/util/Comparator compare (Ljava/lang/Object;Ljava/lang/Object;)I 0 0 1 0 -1
ciMethod java/security/AccessController doPrivileged (Ljava/security/PrivilegedAction;)Ljava/lang/Object; 2049 1 256 0 -1
ciMethod java/util/AbstractList <init> ()V 2049 1 3121 0 0
ciMethod java/util/AbstractCollection <init> ()V 3081 1 5991 0 0
ciMethod java/util/Stack pop ()Ljava/lang/Object; 137 1 257 0 -1
ciMethod java/util/Stack empty ()Z 265 1 572 0 -1
ciMethod java/util/ArrayList <init> ()V 769 1 998 0 0
ciMethod java/util/ArrayList size ()I 1097 1 137 0 -1
ciMethod java/util/ArrayList get (I)Ljava/lang/Object; 2153 1 6477 0 -1
ciMethod java/util/ArrayList add (Ljava/lang/Object;)Z 753 1 5357 0 -1
ciMethod java/util/AbstractMap <init> ()V 2049 1 2773 0 0
ciMethod sun/misc/SharedSecrets javaUtilJarAccess ()Lsun/misc/JavaUtilJarAccess; 2057 1 3773 0 0
ciMethod java/util/HashMap hash (Ljava/lang/Object;)I 2169 1 18523 0 160
ciMethod java/util/HashMap tableSizeFor (I)I 2065 1 1121 0 0
ciMethod java/util/HashMap <init> (IF)V 3081 1 1115 0 0
ciMethod java/util/HashMap <init> (I)V 1497 1 337 0 0
ciMethod java/util/HashMap <init> ()V 2065 1 1081 0 0
ciMethod java/util/HashMap get (Ljava/lang/Object;)Ljava/lang/Object; 2065 1 10514 0 576
ciMethod java/util/HashMap getNode (ILjava/lang/Object;)Ljava/util/HashMap$Node; 2153 9 10546 0 544
ciMethod java/util/HashMap containsKey (Ljava/lang/Object;)Z 129 1 1164 0 -1
ciMethod java/util/HashMap put (Ljava/lang/Object;Ljava/lang/Object;)Ljava/lang/Object; 737 1 6238 0 224
ciMethod java/util/HashMap putVal (ILjava/lang/Object;Ljava/lang/Object;ZZ)Ljava/lang/Object; 769 17 10270 0 0
ciMethod java/util/HashMap resize ()[Ljava/util/HashMap$Node; 721 2369 1301 0 -1
ciMethod java/util/HashMap treeifyBin ([Ljava/util/HashMap$Node;I)V 0 0 1 0 -1
ciMethod java/util/HashMap newNode (ILjava/lang/Object;Ljava/lang/Object;Ljava/util/HashMap$Node;)Ljava/util/HashMap$Node; 2049 1 6021 0 0
ciMethod java/util/HashMap afterNodeAccess (Ljava/util/HashMap$Node;)V 833 1 104 0 0
ciMethod java/util/HashMap afterNodeInsertion (Z)V 2049 1 1336 0 0
ciMethod java/util/HashMap$Node <init> (ILjava/lang/Object;Ljava/lang/Object;Ljava/util/HashMap$Node;)V 3465 1 12689 0 0
ciMethod java/lang/Math max (II)I 513 1 48036 0 -1
ciMethod java/lang/Math min (II)I 3601 1 45836 0 -1
ciMethod java/lang/Math min (FF)F 2049 1 400 0 0
ciMethod java/io/OutputStream <init> ()V 2785 1 327 0 0
ciMethod java/util/Arrays copyOf ([BI)[B 2057 1 11794 0 -1
ciMethod java/util/Arrays copyOf ([CI)[C 1105 1 15085 0 0
ciMethod java/util/Arrays copyOfRange ([CII)[C 2065 1 5428 0 512
ciMethodData java/lang/Object <init> ()V 2 136063 orig 264 104 163 2 104 0 0 0 0 128 4 6 23 0 0 0 0 32 1 0 0 0 0 0 0 0 0 0 0 0 0 0 0 0 0 0 0 0 0 0 0 0 0 0 0 0 0 0 0 0 0 0 0 0 0 0 0 0 0 0 0 0 0 0 0 0 0 0 0 0 0 0 0 0 0 0 0 0 0 0 0 77 68 79 32 101 120 116 114 97 32 100 97 116 97 32 108 111 99 107 0 0 0 0 0 0 0 0 0 0 0 0 0 0 0 0 0 0 0 0 0 0 0 0 0 0 0 0 0 0 0 0 0 0 0 0 0 0 0 0 0 0 0 0 0 0 0 0 0 0 0 0 0 0 0 0 0 0 0 0 0 0 0 0 0 0 0 0 0 0 0 0 0 0 0 0 0 0 0 0 0 0 0 0 0 1 0 0 0 0 0 0 0 1 0 0 0 0 0 0 0 1 0 0 0 0 0 0 0 0 0 0 0 0 0 0 0 0 2 0 0 249 139 16 0 1 0 0 0 0 0 0 0 0 0 0 0 2 0 0 0 0 0 3 0 1 0 0 0 0 0 0 0 255 255 255 255 0 0 0 0 0 0 0 0 data 0 oops 0
ciMethod java/lang/IllegalArgumentException <init> (Ljava/lang/String;)V 0 0 1 0 -1
ciMethod sun/misc/MetaIndex mayContain (Ljava/lang/String;)Z 2113 9329 3480 0 -1
ciMethodData java/lang/String charAt (I)C 2 960674 orig 264 104 163 2 104 0 0 0 0 104 61 6 23 0 0 0 0 120 1 0 0 32 0 0 0 0 0 0 0 0 0 0 0 0 0 0 0 0 0 0 0 0 0 0 0 0 0 0 0 0 0 0 0 0 0 0 0 0 0 0 0 0 0 0 0 0 0 0 0 0 0 0 0 0 0 0 0 0 0 0 0 77 68 79 32 101 120 116 114 97 32 100 97 116 97 32 108 111 99 107 0 0 0 0 0 0 0 0 0 0 0 0 0 0 0 0 0 0 0 0 0 0 0 0 0 0 0 0 0 0 0 0 0 0 0 0 0 0 0 0 0 0 0 0 0 0 0 0 0 0 0 0 0 0 0 0 0 0 0 0 0 0 0 0 0 0 0 0 0 0 0 0 0 0 0 0 0 0 0 0 0 0 0 0 0 25 0 0 0 0 0 0 0 0 0 0 0 0 0 0 0 1 0 0 0 0 0 0 0 0 0 0 0 0 0 0 0 0 2 0 0 17 53 117 0 1 0 0 0 0 0 0 0 0 0 0 0 2 0 0 0 0 0 8 0 2 0 0 0 80 0 0 0 255 255 255 255 7 0 1 0 0 0 0 0 data 10 0x10007 0x0 0x40 0xea6a2 0xa0007 0xea6a2 0x30 0x0 0x120002 0x0 oops 0
ciMethod java/util/Locale getLanguage ()Ljava/lang/String; 497 1 2628 0 -1
ciMethod java/lang/CharacterData toLowerCase (I)I 0 0 1 0 -1
ciMethod java/lang/CharacterData toUpperCase (I)I 0 0 1 0 -1
ciMethod java/lang/CharacterData of (I)Ljava/lang/CharacterData; 4097 1 5632 0 96
ciMethod java/lang/CharacterDataLatin1 getProperties (I)I 4097 1 43378 0 0
ciMethod java/lang/CharacterDataLatin1 toLowerCase (I)I 4097 1 5962 0 160
ciMethod java/lang/CharacterDataLatin1 toUpperCase (I)I 3073 1 6041 0 160
ciMethod java/util/HashMap$TreeNode getTreeNode (ILjava/lang/Object;)Ljava/util/HashMap$TreeNode; 0 0 1 0 -1
ciMethod java/util/HashMap$TreeNode putTreeVal (Ljava/util/HashMap;[Ljava/util/HashMap$Node;ILjava/lang/Object;Ljava/lang/Object;)Ljava/util/HashMap$TreeNode; 0 0 1 0 -1
ciMethod java/util/HashMap$TreeNode split (Ljava/util/HashMap;[Ljava/util/HashMap$Node;II)V 0 0 1 0 -1
ciMethodData java/lang/Character toLowerCase (I)I 2 283352 orig 264 104 163 2 104 0 0 0 0 72 186 15 23 0 0 0 0 136 1 0 0 0 0 0 0 0 0 0 0 0 0 0 0 0 0 0 0 0 0 0 0 0 0 0 0 0 0 0 0 0 0 0 0 0 0 0 0 0 0 0 0 0 0 0 0 0 0 0 0 0 0 0 0 0 0 0 0 0 0 0 0 77 68 79 32 101 120 116 114 97 32 100 97 116 97 32 108 111 99 107 0 0 0 0 0 0 0 0 0 0 0 0 0 0 0 0 0 0 0 0 0 0 0 0 0 0 0 0 0 0 0 0 0 0 0 0 0 0 0 0 0 0 0 0 0 0 0 0 0 0 0 0 0 0 0 0 0 0 0 0 0 0 0 0 0 0 0 0 0 0 0 0 0 0 0 0 0 0 0 0 0 0 0 0 0 0 0 0 0 0 0 0 0 0 0 0 0 0 0 0 0 0 0 0 0 0 0 0 0 0 0 0 0 0 0 0 0 0 2 0 0 193 134 34 0 1 0 0 0 0 0 0 0 0 0 0 0 2 0 0 0 0 0 3 0 2 0 0 0 64 0 0 0 255 255 255 255 2 0 1 0 0 0 0 0 data 8 0x10002 0x450d8 0x50005 0x0 0x1af13f10 0x450d8 0x0 0x0 oops 1