#
# There is insufficient memory for the Java Runtime Environment to continue.
# Native memory allocation (malloc) failed to allocate 1069056 bytes for Chunk::new
# Possible reasons:
#   The system is out of physical RAM or swap space
#   In 32 bit mode, the process size limit was hit
# Possible solutions:
#   Reduce memory load on the system
#   Increase physical memory or swap space
#   Check if swap backing store is full
#   Use 64 bit Java on a 64 bit OS
#   Decrease Java heap size (-Xmx/-Xms)
#   Decrease number of Java threads
#   Decrease Java thread stack sizes (-Xss)
#   Set larger code cache with -XX:ReservedCodeCacheSize=
# This output file may be truncated or incomplete.
#
#  Out of Memory Error (allocation.cpp:390), pid=756, tid=6972
#
# JRE version: Java(TM) SE Runtime Environment (8.0_91-b15) (build 1.8.0_91-b15)
# Java VM: Java HotSpot(TM) 64-Bit Server VM (25.91-b15 mixed mode windows-amd64 compressed oops)
# Failed to write core dump. Minidumps are not enabled by default on client versions of Windows
#

---------------  T H R E A D  ---------------

Current thread (0x0000000057368800):  JavaThread "C2 CompilerThread0" daemon [_thread_in_native, id=6972, stack(0x0000000058670000,0x0000000058770000)]

Stack: [0x0000000058670000,0x0000000058770000]
[error occurred during error reporting (printing stack bounds), id 0xc0000005]

Native frames: (J=compiled Java code, j=interpreted, Vv=VM code, C=native code)


Current CompileTask:
C2:  18238 2463       4       com.android.dx.cf.code.Simulator$SimVisitor::visitConstant (332 bytes)


---------------  P R O C E S S  ---------------

Java Threads: ( => current thread )
  0x0000000058b23800 JavaThread "pool-2-thread-4" [_thread_blocked, id=1516, stack(0x0000000059d70000,0x0000000059e70000)]
  0x0000000058f23000 JavaThread "pool-2-thread-3" [_thread_blocked, id=1968, stack(0x0000000059c30000,0x0000000059d30000)]
  0x0000000058ed4800 JavaThread "pool-2-thread-2" [_thread_in_Java, id=7128, stack(0x0000000059b30000,0x0000000059c30000)]
  0x0000000058ed3800 JavaThread "pool-3-thread-1" [_thread_blocked, id=2660, stack(0x00000000599b0000,0x0000000059ab0000)]
  0x0000000058ed6800 JavaThread "pool-2-thread-1" [_thread_blocked, id=1928, stack(0x0000000059840000,0x0000000059940000)]
  0x00000000588f0800 JavaThread "Service Thread" daemon [_thread_blocked, id=1488, stack(0x0000000058d80000,0x0000000058e80000)]
  0x0000000057371000 JavaThread "C1 CompilerThread1" daemon [_thread_blocked, id=1284, stack(0x00000000587e0000,0x00000000588e0000)]
=>0x0000000057368800 JavaThread "C2 CompilerThread0" daemon [_thread_in_native, id=6972, stack(0x0000000058670000,0x0000000058770000)]
  0x0000000057367000 JavaThread "Attach Listener" daemon [_thread_blocked, id=6812, stack(0x0000000058430000,0x0000000058530000)]
  0x0000000057365800 JavaThread "Signal Dispatcher" daemon [_thread_blocked, id=7108, stack(0x0000000058300000,0x0000000058400000)]
  0x000000005734e000 JavaThread "Finalizer" daemon [_thread_blocked, id=5952, stack(0x00000000580f0000,0x00000000581f0000)]
  0x0000000057305000 JavaThread "Reference Handler" daemon [_thread_blocked, id=6564, stack(0x0000000057f30000,0x0000000058030000)]
  0x00000000022af800 JavaThread "main" [_thread_blocked, id=3096, stack(0x0000000002520000,0x0000000002620000)]

Other Threads:
  0x00000000572fd000 VMThread [stack: 0x0000000057e10000,0x0000000057f10000] [id=6180]
  0x00000000588fc800 WatcherThread [stack: 0x0000000058570000,0x0000000058670000] [id=6460]

VM state:not at safepoint (normal execution)

VM Mutex/Monitor currently owned by a thread: None

Heap:
 PSYoungGen      total 538112K, used 279747K [0x00000000d5580000, 0x0000000100000000, 0x0000000100000000)
  eden space 449024K, 46% used [0x00000000d5580000,0x00000000e208a5f0,0x00000000f0c00000)
  from space 89088K, 80% used [0x00000000fa900000,0x00000000fef26978,0x0000000100000000)
  to   space 124928K, 0% used [0x00000000f0c00000,0x00000000f0c00000,0x00000000f8600000)
 ParOldGen       total 171520K, used 171367K [0x0000000080000000, 0x000000008a780000, 0x00000000d5580000)
  object space 171520K, 99% used [0x0000000080000000,0x000000008a759cd8,0x000000008a780000)
 Metaspace       used 6643K, capacity 7320K, committed 7680K, reserved 1056768K
  class space    used 628K, capacity 656K, committed 768K, reserved 1048576K

Card table byte_map: [0x0000000011cb0000,0x00000000120c0000] byte_map_base: 0x00000000118b0000

Marking Bits: (ParMarkBitMap*) 0x0000000067fe2f70
 Begin Bits: [0x00000000125d0000, 0x00000000145d0000)
 End Bits:   [0x00000000145d0000, 0x00000000165d0000)

Polling page: 0x0000000000340000

CodeCache: size=245760Kb used=10832Kb max_used=10844Kb free=234927Kb
 bounds [0x00000000028f0000, 0x0000000003390000, 0x00000000118f0000]
 total_blobs=2702 nmethods=2432 adapters=183
 compilation: enabled

Compilation events (10 events):
Event: 17.995 Thread 0x0000000057368800 nmethod 2439 0x000000000338a150 code [0x000000000338a2e0, 0x000000000338a8f8]
Event: 17.995 Thread 0x0000000057368800 1410       4       com.android.dx.ssa.NormalSsaInsn::toRopInsn (19 bytes)
Event: 17.996 Thread 0x0000000057368800 nmethod 1410 0x000000000338b210 code [0x000000000338b360, 0x000000000338b3f8]
Event: 17.996 Thread 0x0000000057368800 2451       4       java.util.ArrayList::<init> (61 bytes)
Event: 17.997 Thread 0x0000000057368800 nmethod 2451 0x0000000003388110 code [0x0000000003388260, 0x0000000003388398]
Event: 17.997 Thread 0x0000000057368800 2042       4       com.android.dx.ssa.Dominators$DfsWalker::visitBlock (59 bytes)
Event: 18.002 Thread 0x0000000057368800 nmethod 2042 0x0000000003381cd0 code [0x0000000003381e40, 0x0000000003382398]
Event: 18.002 Thread 0x0000000057368800 1481       4       com.android.dx.rop.code.SourcePosition::<init> (50 bytes)
Event: 18.003 Thread 0x0000000057368800 nmethod 1481 0x000000000338af50 code [0x000000000338b080, 0x000000000338b138]
Event: 18.003 Thread 0x0000000057368800 2463       4       com.android.dx.cf.code.Simulator$SimVisitor::visitConstant (332 bytes)

GC Heap History (10 events):
Event: 4.761 GC heap before
{Heap before GC invocations=8 (full 0):
 PSYoungGen      total 288768K, used 288761K [0x00000000d5580000, 0x00000000fb380000, 0x0000000100000000)
  eden space 260096K, 100% used [0x00000000d5580000,0x00000000e5380000,0x00000000e5380000)
  from space 28672K, 99% used [0x00000000e5380000,0x00000000e6f7e560,0x00000000e6f80000)
  to   space 50176K, 0% used [0x00000000f8280000,0x00000000f8280000,0x00000000fb380000)
 ParOldGen       total 87552K, used 57893K [0x0000000080000000, 0x0000000085580000, 0x00000000d5580000)
  object space 87552K, 66% used [0x0000000080000000,0x0000000083889468,0x0000000085580000)
 Metaspace       used 6611K, capacity 7256K, committed 7424K, reserved 1056768K
  class space    used 627K, capacity 656K, committed 768K, reserved 1048576K
Event: 4.976 GC heap after
Heap after GC invocations=8 (full 0):
 PSYoungGen      total 552960K, used 50149K [0x00000000d5580000, 0x00000000fd580000, 0x0000000100000000)
  eden space 502784K, 0% used [0x00000000d5580000,0x00000000d5580000,0x00000000f4080000)
  from space 50176K, 99% used [0x00000000f8280000,0x00000000fb379608,0x00000000fb380000)
  to   space 67584K, 0% used [0x00000000f4080000,0x00000000f4080000,0x00000000f8280000)
 ParOldGen       total 87552K, used 74386K [0x0000000080000000, 0x0000000085580000, 0x00000000d5580000)
  object space 87552K, 84% used [0x0000000080000000,0x00000000848a4b08,0x0000000085580000)
 Metaspace       used 6611K, capacity 7256K, committed 7424K, reserved 1056768K
  class space    used 627K, capacity 656K, committed 768K, reserved 1048576K
}
Event: 4.976 GC heap before
{Heap before GC invocations=9 (full 1):
 PSYoungGen      total 552960K, used 50149K [0x00000000d5580000, 0x00000000fd580000, 0x0000000100000000)
  eden space 502784K, 0% used [0x00000000d5580000,0x00000000d5580000,0x00000000f4080000)
  from space 50176K, 99% used [0x00000000f8280000,0x00000000fb379608,0x00000000fb380000)
  to   space 67584K, 0% used [0x00000000f4080000,0x00000000f4080000,0x00000000f8280000)
 ParOldGen       total 87552K, used 74386K [0x0000000080000000, 0x0000000085580000, 0x00000000d5580000)
  object space 87552K, 84% used [0x0000000080000000,0x00000000848a4b08,0x0000000085580000)
 Metaspace       used 6611K, capacity 7256K, committed 7424K, reserved 1056768K
  class space    used 627K, capacity 656K, committed 768K, reserved 1048576K
Event: 6.525 GC heap after
Heap after GC invocations=9 (full 1):
 PSYoungGen      total 552960K, used 33123K [0x00000000d5580000, 0x00000000fd580000, 0x0000000100000000)
  eden space 502784K, 0% used [0x00000000d5580000,0x00000000d5580000,0x00000000f4080000)
  from space 50176K, 66% used [0x00000000f8280000,0x00000000fa2d8e60,0x00000000fb380000)
  to   space 67584K, 0% used [0x00000000f4080000,0x00000000f4080000,0x00000000f8280000)
 ParOldGen       total 171520K, used 87212K [0x0000000080000000, 0x000000008a780000, 0x00000000d5580000)
  object space 171520K, 50% used [0x0000000080000000,0x000000008552b3e8,0x000000008a780000)
 Metaspace       used 6611K, capacity 7256K, committed 7424K, reserved 1056768K
  class space    used 627K, capacity 656K, committed 768K, reserved 1048576K
}
Event: 7.979 GC heap before
{Heap before GC invocations=10 (full 1):
 PSYoungGen      total 552960K, used 535907K [0x00000000d5580000, 0x00000000fd580000, 0x0000000100000000)
  eden space 502784K, 100% used [0x00000000d5580000,0x00000000f4080000,0x00000000f4080000)
  from space 50176K, 66% used [0x00000000f8280000,0x00000000fa2d8e60,0x00000000fb380000)
  to   space 67584K, 0% used [0x00000000f4080000,0x00000000f4080000,0x00000000f8280000)
 ParOldGen       total 171520K, used 87212K [0x0000000080000000, 0x000000008a780000, 0x00000000d5580000)
  object space 171520K, 50% used [0x0000000080000000,0x000000008552b3e8,0x000000008a780000)
 Metaspace       used 6626K, capacity 7256K, committed 7424K, reserved 1056768K
  class space    used 628K, capacity 656K, committed 768K, reserved 1048576K
Event: 8.309 GC heap after
Heap after GC invocations=10 (full 1):
 PSYoungGen      total 570368K, used 67561K [0x00000000d5580000, 0x0000000100000000, 0x0000000100000000)
  eden space 502784K, 0% used [0x00000000d5580000,0x00000000d5580000,0x00000000f4080000)
  from space 67584K, 99% used [0x00000000f4080000,0x00000000f827a798,0x00000000f8280000)
  to   space 89088K, 0% used [0x00000000fa900000,0x00000000fa900000,0x0000000100000000)
 ParOldGen       total 171520K, used 108529K [0x0000000080000000, 0x000000008a780000, 0x00000000d5580000)
  object space 171520K, 63% used [0x0000000080000000,0x00000000869fc630,0x000000008a780000)
 Metaspace       used 6626K, capacity 7256K, committed 7424K, reserved 1056768K
  class space    used 628K, capacity 656K, committed 768K, reserved 1048576K
}
Event: 12.888 GC heap before
{Heap before GC invocations=11 (full 1):
 PSYoungGen      total 570368K, used 570345K [0x00000000d5580000, 0x0000000100000000, 0x0000000100000000)
  eden space 502784K, 100% used [0x00000000d5580000,0x00000000f4080000,0x00000000f4080000)
  from space 67584K, 99% used [0x00000000f4080000,0x00000000f827a798,0x00000000f8280000)
  to   space 89088K, 0% used [0x00000000fa900000,0x00000000fa900000,0x0000000100000000)
 ParOldGen       total 171520K, used 108529K [0x0000000080000000, 0x000000008a780000, 0x00000000d5580000)
  object space 171520K, 63% used [0x0000000080000000,0x00000000869fc630,0x000000008a780000)
 Metaspace       used 6637K, capacity 7320K, committed 7680K, reserved 1056768K
  class space    used 628K, capacity 656K, committed 768K, reserved 1048576K
Event: 13.268 GC heap after
Heap after GC invocations=11 (full 1):
 PSYoungGen      total 538112K, used 89056K [0x00000000d5580000, 0x0000000100000000, 0x0000000100000000)
  eden space 449024K, 0% used [0x00000000d5580000,0x00000000d5580000,0x00000000f0c00000)
  from space 89088K, 99% used [0x00000000fa900000,0x00000000ffff80b8,0x0000000100000000)
  to   space 124928K, 0% used [0x00000000f0c00000,0x00000000f0c00000,0x00000000f8600000)
 ParOldGen       total 171520K, used 163708K [0x0000000080000000, 0x000000008a780000, 0x00000000d5580000)
  object space 171520K, 95% used [0x0000000080000000,0x0000000089fdf3b8,0x000000008a780000)
 Metaspace       used 6637K, capacity 7320K, committed 7680K, reserved 1056768K
  class space    used 628K, capacity 656K, committed 768K, reserved 1048576K
}
Event: 13.268 GC heap before
{Heap before GC invocations=12 (full 2):
 PSYoungGen      total 538112K, used 89056K [0x00000000d5580000, 0x0000000100000000, 0x0000000100000000)
  eden space 449024K, 0% used [0x00000000d5580000,0x00000000d5580000,0x00000000f0c00000)
  from space 89088K, 99% used [0x00000000fa900000,0x00000000ffff80b8,0x0000000100000000)
  to   space 124928K, 0% used [0x00000000f0c00000,0x00000000f0c00000,0x00000000f8600000)
 ParOldGen       total 171520K, used 163708K [0x0000000080000000, 0x000000008a780000, 0x00000000d5580000)
  object space 171520K, 95% used [0x0000000080000000,0x0000000089fdf3b8,0x000000008a780000)
 Metaspace       used 6637K, capacity 7320K, committed 7680K, reserved 1056768K
  class space    used 628K, capacity 656K, committed 768K, reserved 1048576K
Event: 14.714 GC heap after
Heap after GC invocations=12 (full 2):
 PSYoungGen      total 538112K, used 71834K [0x00000000d5580000, 0x0000000100000000, 0x0000000100000000)
  eden space 449024K, 0% used [0x00000000d5580000,0x00000000d5580000,0x00000000f0c00000)
  from space 89088K, 80% used [0x00000000fa900000,0x00000000fef26978,0x0000000100000000)
  to   space 124928K, 0% used [0x00000000f0c00000,0x00000000f0c00000,0x00000000f8600000)
 ParOldGen       total 171520K, used 171367K [0x0000000080000000, 0x000000008a780000, 0x00000000d5580000)
  object space 171520K, 99% used [0x0000000080000000,0x000000008a759cd8,0x000000008a780000)
 Metaspace       used 6637K, capacity 7320K, committed 7680K, reserved 1056768K
  class space    used 628K, capacity 656K, committed 768K, reserved 1048576K
}

Deoptimization events (10 events):
Event: 3.169 Thread 0x0000000058ed6800 Uncommon trap: reason=bimorphic action=maybe_recompile pc=0x000000000308b73c method=com.android.dx.cf.code.BytecodeArray.parseInstruction(ILcom/android/dx/cf/code/BytecodeArray$Visitor;)I @ 2484
Event: 3.347 Thread 0x0000000058ed4800 Uncommon trap: reason=unstable_if action=reinterpret pc=0x0000000002d20e74 method=java.util.HashMap.getNode(ILjava/lang/Object;)Ljava/util/HashMap$Node; @ 84
Event: 3.372 Thread 0x0000000058f23000 Uncommon trap: reason=unstable_if action=reinterpret pc=0x0000000002d72168 method=com.android.dx.rop.code.RegisterSpecSet.<init>(I)V @ 2
Event: 3.382 Thread 0x0000000058ed6800 Uncommon trap: reason=unstable_if action=reinterpret pc=0x0000000002f76834 method=com.android.dx.ssa.SCCP.simulateBranch(Lcom/android/dx/ssa/SsaInsn;)V @ 548
Event: 4.135 Thread 0x0000000058ed6800 Uncommon trap: reason=unstable_if action=reinterpret pc=0x0000000002e36630 method=com.android.dx.ssa.MoveParamCombiner$1.visitNonMoveInsn(Lcom/android/dx/ssa/NormalSsaInsn;)V @ 27
Event: 4.749 Thread 0x0000000058ed6800 Uncommon trap: reason=bimorphic action=maybe_recompile pc=0x00000000031493e4 method=com.android.dx.cf.code.BytecodeArray.parseInstruction(ILcom/android/dx/cf/code/BytecodeArray$Visitor;)I @ 1597
Event: 4.749 Thread 0x0000000058ed6800 Uncommon trap: reason=bimorphic action=maybe_recompile pc=0x00000000031493e4 method=com.android.dx.cf.code.BytecodeArray.parseInstruction(ILcom/android/dx/cf/code/BytecodeArray$Visitor;)I @ 1597
Event: 7.795 Thread 0x00000000022af800 Uncommon trap: reason=unstable_if action=reinterpret pc=0x0000000002a6fdc0 method=java.util.zip.ZipCoder.decoder()Ljava/nio/charset/CharsetDecoder; @ 4
Event: 11.021 Thread 0x0000000058ed6800 Uncommon trap: reason=unstable_if action=reinterpret pc=0x0000000002ea6a1c method=com.android.dx.rop.code.LocalItem.compareHandlesNulls(Lcom/android/dx/rop/cst/CstString;Lcom/android/dx/rop/cst/CstString;)I @ 14
Event: 11.417 Thread 0x0000000058ed6800 Uncommon trap: reason=unstable_if action=reinterpret pc=0x0000000002e392d4 method=com.android.dx.ssa.SsaMethod.getExitBlock()Lcom/android/dx/ssa/SsaBasicBlock; @ 4

Internal exceptions (9 events):
Event: 0.041 Thread 0x00000000022af800 Exception <a 'java/lang/NoSuchMethodError': Method sun.misc.Unsafe.defineClass(Ljava/lang/String;[BII)Ljava/lang/Class; name or signature does not match> (0x00000000d5587cc0) thrown at [C:\re\workspace\8-2-build-windows-amd64-cygwin\jdk8u91\7017\hotspot\srôxÀ1ñ¤?
Event: 0.041 Thread 0x00000000022af800 Exception <a 'java/lang/NoSuchMethodError': Method sun.misc.Unsafe.prefetchRead(Ljava/lang/Object;J)V name or signature does not match> (0x00000000d5587fa8) thrown at [C:\re\workspace\8-2-build-windows-amd64-cygwin\jdk8u91\7017\hotspot\src\share\vm\prims\jtk°é?
Event: 0.782 Thread 0x0000000058ed6800 Implicit null exception at 0x0000000002c8f2f8 to 0x0000000002c912c5
Event: 0.945 Thread 0x0000000058b23800 Implicit null exception at 0x0000000002d76ed2 to 0x0000000002d76fc2
Event: 1.086 Thread 0x0000000058b23800 Exception <a 'java/lang/ArrayIndexOutOfBoundsException': 18> (0x00000000d7fb5b20) thrown at [C:\re\workspace\8-2-build-windows-amd64-cygwin\jdk8u91\7017\hotspot\src\share\vm\interpreter\interpreterRuntime.cpp, line 366]
Event: 1.086 Thread 0x0000000058b23800 Exception <a 'java/lang/ArrayIndexOutOfBoundsException'> (0x00000000d7fb76a0) thrown at [C:\re\workspace\8-2-build-windows-amd64-cygwin\jdk8u91\7017\hotspot\src\share\vm\runtime\sharedRuntime.cpp, line 605]
Event: 1.086 Thread 0x0000000058b23800 Exception <a 'java/lang/ArrayIndexOutOfBoundsException'> (0x00000000d7fb8988) thrown at [C:\re\workspace\8-2-build-windows-amd64-cygwin\jdk8u91\7017\hotspot\src\share\vm\runtime\sharedRuntime.cpp, line 605]
Event: 7.795 Thread 0x00000000022af800 Implicit null exception at 0x0000000002a6f968 to 0x0000000002a6fda5
Event: 11.021 Thread 0x0000000058ed6800 Implicit null exception at 0x0000000002ea537e to 0x0000000002ea69ed

Events (10 events):
Event: 11.417 Thread 0x0000000058ed6800 DEOPT PACKING pc=0x0000000002e392d4 sp=0x000000005993e810
Event: 11.417 Thread 0x0000000058ed6800 DEOPT UNPACKING pc=0x000000000293582a sp=0x000000005993e778 mode 2
Event: 11.694 Thread 0x0000000058f23000 DEOPT PACKING pc=0x0000000003019dc0 sp=0x0000000059d2ef40
Event: 11.694 Thread 0x0000000058f23000 DEOPT UNPACKING pc=0x000000000293747f sp=0x0000000059d2ed38 mode 0
Event: 12.888 Executing VM operation: ParallelGCFailedAllocation
Event: 14.714 Executing VM operation: ParallelGCFailedAllocation done
Event: 15.322 Thread 0x00000000022af800 DEOPT PACKING pc=0x0000000002e53ee2 sp=0x000000000261e650
Event: 15.322 Thread 0x00000000022af800 DEOPT UNPACKING pc=0x000000000293747f sp=0x000000000261e340 mode 0
Event: 16.204 loading class com/android/dx/rop/code/RegisterSpec$1
Event: 16.204 loading class com/android/dx/rop/code/RegisterSpec$1 done


Dynamic libraries:
0x000000013f240000 - 0x000000013f277000 	C:\Program Files\Java\jdk1.8.0_91\bin\java.exe
0x0000000076f20000 - 0x00000000770ca000 	C:\Windows\SYSTEM32\ntdll.dll
0x0000000076d00000 - 0x0000000076e1f000 	C:\Windows\system32\kernel32.dll
0x000007fefd1d0000 - 0x000007fefd23a000 	C:\Windows\system32\KERNELBASE.dll
0x000007fefd270000 - 0x000007fefd34b000 	C:\Windows\system32\ADVAPI32.dll
0x000007fefeb50000 - 0x000007fefebef000 	C:\Windows\system32\msvcrt.dll
0x000007fefe5f0000 - 0x000007fefe60f000 	C:\Windows\SYSTEM32\sechost.dll
0x000007fefd360000 - 0x000007fefd48d000 	C:\Windows\system32\RPCRT4.dll
0x0000000076e20000 - 0x0000000076f1a000 	C:\Windows\system32\USER32.dll
0x000007fefe350000 - 0x000007fefe3b7000 	C:\Windows\system32\GDI32.dll
0x000007fefe5e0000 - 0x000007fefe5ee000 	C:\Windows\system32\LPK.dll
0x000007fefee60000 - 0x000007fefef2a000 	C:\Windows\system32\USP10.dll
0x000007fefa8d0000 - 0x000007fefaac4000 	C:\Windows\WinSxS\amd64_microsoft.windows.common-controls_6595b64144ccf1df_6.0.7601.17514_none_fa396087175ac9ac\COMCTL32.dll
0x000007fefe690000 - 0x000007fefe701000 	C:\Windows\system32\SHLWAPI.dll
0x000007fefd240000 - 0x000007fefd26e000 	C:\Windows\system32\IMM32.DLL
0x000007fefe460000 - 0x000007fefe569000 	C:\Windows\system32\MSCTF.dll
0x0000000068e40000 - 0x0000000068f12000 	C:\Program Files\Java\jdk1.8.0_91\jre\bin\msvcr100.dll
0x00000000677d0000 - 0x0000000068063000 	C:\Program Files\Java\jdk1.8.0_91\jre\bin\server\jvm.dll
0x000007fef7790000 - 0x000007fef7799000 	C:\Windows\system32\WSOCK32.dll
0x000007fefe570000 - 0x000007fefe5bd000 	C:\Windows\system32\WS2_32.dll
0x000007fefd350000 - 0x000007fefd358000 	C:\Windows\system32\NSI.dll
0x000007fef9c30000 - 0x000007fef9c6b000 	C:\Windows\system32\WINMM.dll
0x000007fefc010000 - 0x000007fefc01c000 	C:\Windows\system32\VERSION.dll
0x00000000770e0000 - 0x00000000770e7000 	C:\Windows\system32\PSAPI.DLL
0x0000000069fe0000 - 0x0000000069fef000 	C:\Program Files\Java\jdk1.8.0_91\jre\bin\verify.dll
0x0000000068e10000 - 0x0000000068e39000 	C:\Program Files\Java\jdk1.8.0_91\jre\bin\java.dll
0x0000000068df0000 - 0x0000000068e06000 	C:\Program Files\Java\jdk1.8.0_91\jre\bin\zip.dll
0x000007fefd5c0000 - 0x000007fefe348000 	C:\Windows\system32\SHELL32.dll
0x000007fefebf0000 - 0x000007fefedf3000 	C:\Windows\system32\ole32.dll
0x000007fefce70000 - 0x000007fefce7f000 	C:\Windows\system32\profapi.dll

VM Arguments:
jvm_args: -Djava.awt.headless=true -Xmx2g -Dfile.encoding=windows-1252 -Duser.country=IN -Duser.language=en -Duser.variant 
java_command: com.android.dx.command.Main --dex --num-threads=4 --multi-dex --main-dex-list E:\Sanket\workspace\EbVeneto\EbVeneto\app\build\intermediates\multi-dex\debug\maindexlist.txt --output E:\Sanket\workspace\EbVeneto\EbVeneto\app\build\intermediates\transforms\dex\debug\folders\1000\1f\main E:\Sanket\workspace\EbVeneto\EbVeneto\app\build\intermediates\transforms\jarMerging\debug\jars\1\1f\combined.jar
java_class_path (initial): E:\Sanket\Android\Sdk\build-tools\25.0.2\lib\dx.jar
Launcher Type: SUN_STANDARD

Environment Variables:
JAVA_HOME=C:\Program Files\Java\jdk1.8.0_91
PATH=C:\ProgramData\Oracle\Java\javapath;C:\Windows\system32;C:\Windows;C:\Windows\System32\Wbem;C:\Windows\System32\WindowsPowerShell\v1.0\;C:\Program Files\Java\jre1.8.0_101\bin;C:\Program Files\Java\jdk1.8.0_91\bin;C:\Program Files (x86)\Skype\Phone\;C:\Program Files\Git\cmd;C:\Program Files\TortoiseSVN\bin
USERNAME=Sanket.Kulkarni
OS=Windows_NT
PROCESSOR_IDENTIFIER=Intel64 Family 6 Model 60 Stepping 3, GenuineIntel



---------------  S Y S T E M  ---------------

OS: Windows 7 , 64 bit Build 7601 (6.1.7601.23677)

CPU:total 2 (2 cores per cpu, 1 threads per core) family 6 model 60 stepping 3, cmov, cx8, fxsr, mmx, sse, sse2, sse3, ssse3, sse4.1, sse4.2, popcnt, clmul, erms, lzcnt, tsc, tscinvbit

Memory: 4k page, physical 8257880k(727732k free), swap 8256020k(5528k free)

vm_info: Java HotSpot(TM) 64-Bit Server VM (25.91-b15) for windows-amd64 JRE (1.8.0_91-b15), built on May 20 2016 17:43:15 by "java_re" with MS VC++ 10.0 (VS2010)

time: Tue Jul 03 10:51:03 2018
elapsed time: 18 seconds (0d 0h 0m 18s)

