#
# A fatal error has been detected by the Java Runtime Environment:
#
#  EXCEPTION_ACCESS_VIOLATION (0xc0000005) at pc=0x66d85309, pid=5896, tid=0x00001aa0
#
# JRE version: Java(TM) SE Runtime Environment (8.0_102-b14) (build 1.8.0_102-b14)
# Java VM: Java HotSpot(TM) Client VM (25.102-b14 mixed mode windows-x86 )
# Problematic frame:
# V  [jvm.dll+0x1b5309]
#
# Failed to write core dump. Minidumps are not enabled by default on client versions of Windows
#
# If you would like to submit a bug report, please visit:
#   http://bugreport.java.com/bugreport/crash.jsp
#

---------------  T H R E A D  ---------------

Current thread (0x44fddc00):  VMThread [stack: 0x00ef0000,0x00f40000] [id=6816]

siginfo: ExceptionCode=0xc0000005, reading address 0x00000089

Registers:
EAX=0x2271cba0, EBX=0x00000001, ECX=0x40e6fb78, EDX=0x00000001
ESP=0x00f3f3ac, EBP=0x00f3f3c4, ESI=0x000003fe, EDI=0x23d15ab0
EIP=0x66d85309, EFLAGS=0x00010202

Top of Stack: (sp=0x00f3f3ac)
0x00f3f3ac:   2271cba0 4517f800 66f3a4e4 00000000
0x00f3f3bc:   00f3f484 66f3a4e4 00f3f3d0 66d8550c
0x00f3f3cc:   4517f804 00f3f5b8 66d4a0c3 4517f804
0x00f3f3dc:   00000002 4517f800 00000000 00000000
0x00f3f3ec:   00000000 00000000 00f3f644 00f3f46c
0x00f3f3fc:   00000012 00f3f630 66f3a508 00f3f6b4
0x00f3f40c:   ffffffff 00c37478 00000000 00f3f490
0x00f3f41c:   00f3f434 66c74592 0000000e 45168b38 

Instructions: (pc=0x66d85309)
0x66d852e9:   23 f0 29 35 68 a4 f3 66 a3 64 a4 f3 66 8b c7 eb
0x66d852f9:   09 48 a3 64 a4 f3 66 8b 04 81 8b 48 04 8b 11 50
0x66d85309:   8b 82 88 00 00 00 ff d0 8b 0d 70 a4 f3 66 85 c9
0x66d85319:   0f 85 51 ff ff ff a1 94 a4 f3 66 85 c0 0f 84 b8 


Register to memory mapping:

EAX=
[error occurred during error reporting (printing register info), id 0xc0000005]

Stack: [0x00ef0000,0x00f40000],  sp=0x00f3f3ac,  free space=316k
Native frames: (J=compiled Java code, j=interpreted, Vv=VM code, C=native code)
V  [jvm.dll+0x1b5309]
V  [jvm.dll+0x1b550c]
V  [jvm.dll+0x17a0c3]
V  [jvm.dll+0x178bfa]
V  [jvm.dll+0x98100]
V  [jvm.dll+0x993f1]
V  [jvm.dll+0x9b120]
V  [jvm.dll+0x9b589]
V  [jvm.dll+0x9a3af]
V  [jvm.dll+0xa6592]
V  [jvm.dll+0x98fc3]
V  [jvm.dll+0x92ec5]
V  [jvm.dll+0x1b87e6]
V  [jvm.dll+0x182adb]
V  [jvm.dll+0x181ee1]
V  [jvm.dll+0x1822f7]
V  [jvm.dll+0x1824f2]
V  [jvm.dll+0x1c2506]
C  [msvcr100.dll+0x5c556]
C  [msvcr100.dll+0x5c600]
C  [kernel32.dll+0x133ca]
C  [ntdll.dll+0x39ed2]
C  [ntdll.dll+0x39ea5]

VM_Operation (0x4553ef78): GenCollectForAllocation, mode: safepoint, requested by thread 0x4517f800


---------------  P R O C E S S  ---------------

Java Threads: ( => current thread )
  0x4517f800 JavaThread "pool-2-thread-4" [_thread_blocked, id=6380, stack(0x454f0000,0x45540000)]
  0x4517d800 JavaThread "pool-2-thread-3" [_thread_blocked, id=6868, stack(0x45bf0000,0x45c40000)]
  0x45180c00 JavaThread "pool-2-thread-2" [_thread_blocked, id=7080, stack(0x45a80000,0x45ad0000)]
  0x4517c000 JavaThread "pool-3-thread-1" [_thread_blocked, id=5792, stack(0x45960000,0x459b0000)]
  0x45176400 JavaThread "pool-2-thread-1" [_thread_blocked, id=6572, stack(0x45a30000,0x45a80000)]
  0x45022400 JavaThread "Service Thread" daemon [_thread_blocked, id=4508, stack(0x45690000,0x456e0000)]
  0x4501c400 JavaThread "C1 CompilerThread0" daemon [_thread_blocked, id=6672, stack(0x45610000,0x45660000)]
  0x4502e000 JavaThread "Attach Listener" daemon [_thread_blocked, id=6784, stack(0x45480000,0x454d0000)]
  0x4502b000 JavaThread "Signal Dispatcher" daemon [_thread_blocked, id=4476, stack(0x046c0000,0x04710000)]
  0x45009800 JavaThread "Finalizer" daemon [_thread_blocked, id=6176, stack(0x452b0000,0x45300000)]
  0x44fe4800 JavaThread "Reference Handler" daemon [_thread_blocked, id=5084, stack(0x45210000,0x45260000)]
  0x00e1d000 JavaThread "main" [_thread_blocked, id=2560, stack(0x02390000,0x023e0000)]

Other Threads:
=>0x44fddc00 VMThread [stack: 0x00ef0000,0x00f40000] [id=6816]
  0x45027400 WatcherThread [stack: 0x45860000,0x458b0000] [id=5708]

VM state:at safepoint (normal execution)

VM Mutex/Monitor currently owned by a thread:  ([mutex/lock_event])
[0x00e1a790] Threads_lock - owner thread: 0x44fddc00
[0x00e1aba0] Heap_lock - owner thread: 0x4517f800

Heap:
 def new generation   total 314560K, used 314559K [0x04800000, 0x19d50000, 0x19d50000)
  eden space 279616K, 100% used [0x04800000, 0x15910000, 0x15910000)
  from space 34944K,  99% used [0x15910000, 0x17b2fff8, 0x17b30000)
  to   space 34944K,   0% used [0x17b30000, 0x17b30000, 0x19d50000)
 tenured generation   total 699072K, used 668487K [0x19d50000, 0x44800000, 0x44800000)
   the space 699072K,  95% used [0x19d50000, 0x42a21ed0, 0x42a22000, 0x44800000)
 Metaspace       used 3484K, capacity 3496K, committed 3520K, reserved 4480K

Card table byte_map: [0x44800000,0x44a10000] byte_map_base: 0x447dc000

Polling page: 0x000e0000

CodeCache: size=32768Kb used=3503Kb max_used=3557Kb free=29264Kb
 bounds [0x026b0000, 0x02a30000, 0x046b0000]
 total_blobs=1853 nmethods=1708 adapters=75
 compilation: enabled

Compilation events (10 events):
Event: 12.299 Thread 0x4501c400 1720             com.android.dx.util.BitIntSet::elements (8 bytes)
Event: 12.299 Thread 0x4501c400 nmethod 1720 0x027da888 code [0x027da990, 0x027daa6c]
Event: 12.324 Thread 0x4501c400 1721             com.android.dx.rop.code.Rops::opAget (97 bytes)
Event: 12.324 Thread 0x4501c400 nmethod 1721 0x027f3b48 code [0x027f3cc0, 0x027f4038]
Event: 14.951 Thread 0x4501c400 1722             java.util.HashMap::replacementTreeNode (21 bytes)
Event: 14.951 Thread 0x4501c400 nmethod 1722 0x02839bc8 code [0x02839cc0, 0x02839dc0]
Event: 14.952 Thread 0x4501c400 1723             java.util.HashMap::treeifyBin (110 bytes)
Event: 14.953 Thread 0x4501c400 nmethod 1723 0x028395c8 code [0x02839700, 0x02839924]
Event: 15.759 Thread 0x4501c400 1724             java.util.HashMap::compareComparables (27 bytes)
Event: 15.759 Thread 0x4501c400 nmethod 1724 0x02839308 code [0x02839410, 0x0283950c]

GC Heap History (10 events):
Event: 11.545 GC heap after
Heap after GC invocations=97 (full 7):
 def new generation   total 195264K, used 21632K [0x04800000, 0x11bd0000, 0x19d50000)
  eden space 173632K,   0% used [0x04800000, 0x04800000, 0x0f190000)
  from space 21632K, 100% used [0x0f190000, 0x106b0000, 0x106b0000)
  to   space 21632K,   0% used [0x106b0000, 0x106b0000, 0x11bd0000)
 tenured generation   total 433660K, used 398188K [0x19d50000, 0x344cf000, 0x44800000)
   the space 433660K,  91% used [0x19d50000, 0x3222b360, 0x3222b400, 0x344cf000)
 Metaspace       used 3484K, capacity 3496K, committed 3520K, reserved 4480K
}
Event: 11.924 GC heap before
{Heap before GC invocations=97 (full 7):
 def new generation   total 195264K, used 195264K [0x04800000, 0x11bd0000, 0x19d50000)
  eden space 173632K, 100% used [0x04800000, 0x0f190000, 0x0f190000)
  from space 21632K, 100% used [0x0f190000, 0x106b0000, 0x106b0000)
  to   space 21632K,   0% used [0x106b0000, 0x106b0000, 0x11bd0000)
 tenured generation   total 433660K, used 398188K [0x19d50000, 0x344cf000, 0x44800000)
   the space 433660K,  91% used [0x19d50000, 0x3222b360, 0x3222b400, 0x344cf000)
 Metaspace       used 3484K, capacity 3496K, committed 3520K, reserved 4480K
Event: 12.058 GC heap after
Heap after GC invocations=98 (full 7):
 def new generation   total 195264K, used 21631K [0x04800000, 0x11bd0000, 0x19d50000)
  eden space 173632K,   0% used [0x04800000, 0x04800000, 0x0f190000)
  from space 21632K,  99% used [0x106b0000, 0x11bcfff8, 0x11bd0000)
  to   space 21632K,   0% used [0x0f190000, 0x0f190000, 0x106b0000)
 tenured generation   total 433660K, used 428607K [0x19d50000, 0x344cf000, 0x44800000)
   the space 433660K,  98% used [0x19d50000, 0x33fdfd18, 0x33fdfe00, 0x344cf000)
 Metaspace       used 3484K, capacity 3496K, committed 3520K, reserved 4480K
}
Event: 12.911 GC heap before
{Heap before GC invocations=98 (full 7):
 def new generation   total 195264K, used 195263K [0x04800000, 0x11bd0000, 0x19d50000)
  eden space 173632K, 100% used [0x04800000, 0x0f190000, 0x0f190000)
  from space 21632K,  99% used [0x106b0000, 0x11bcfff8, 0x11bd0000)
  to   space 21632K,   0% used [0x0f190000, 0x0f190000, 0x106b0000)
 tenured generation   total 433660K, used 428607K [0x19d50000, 0x344cf000, 0x44800000)
   the space 433660K,  98% used [0x19d50000, 0x33fdfd18, 0x33fdfe00, 0x344cf000)
 Metaspace       used 3484K, capacity 3496K, committed 3520K, reserved 4480K
Event: 14.527 GC heap after
Heap after GC invocations=99 (full 8):
 def new generation   total 314560K, used 0K [0x04800000, 0x19d50000, 0x19d50000)
  eden space 279616K,   0% used [0x04800000, 0x04800000, 0x15910000)
  from space 34944K,   0% used [0x15910000, 0x15910000, 0x17b30000)
  to   space 34944K,   0% used [0x17b30000, 0x17b30000, 0x19d50000)
 tenured generation   total 699072K, used 460723K [0x19d50000, 0x44800000, 0x44800000)
   the space 699072K,  65% used [0x19d50000, 0x35f3cd38, 0x35f3ce00, 0x44800000)
 Metaspace       used 3484K, capacity 3496K, committed 3520K, reserved 4480K
}
Event: 15.236 GC heap before
{Heap before GC invocations=99 (full 8):
 def new generation   total 314560K, used 279616K [0x04800000, 0x19d50000, 0x19d50000)
  eden space 279616K, 100% used [0x04800000, 0x15910000, 0x15910000)
  from space 34944K,   0% used [0x15910000, 0x15910000, 0x17b30000)
  to   space 34944K,   0% used [0x17b30000, 0x17b30000, 0x19d50000)
 tenured generation   total 699072K, used 460723K [0x19d50000, 0x44800000, 0x44800000)
   the space 699072K,  65% used [0x19d50000, 0x35f3cd38, 0x35f3ce00, 0x44800000)
 Metaspace       used 3484K, capacity 3496K, committed 3520K, reserved 4480K
Event: 15.424 GC heap after
Heap after GC invocations=100 (full 8):
 def new generation   total 314560K, used 34944K [0x04800000, 0x19d50000, 0x19d50000)
  eden space 279616K,   0% used [0x04800000, 0x04800000, 0x15910000)
  from space 34944K, 100% used [0x17b30000, 0x19d50000, 0x19d50000)
  to   space 34944K,   0% used [0x15910000, 0x15910000, 0x17b30000)
 tenured generation   total 699072K, used 553834K [0x19d50000, 0x44800000, 0x44800000)
   the space 699072K,  79% used [0x19d50000, 0x3ba2abe0, 0x3ba2ac00, 0x44800000)
 Metaspace       used 3484K, capacity 3496K, committed 3520K, reserved 4480K
}
Event: 16.348 GC heap before
{Heap before GC invocations=100 (full 8):
 def new generation   total 314560K, used 314560K [0x04800000, 0x19d50000, 0x19d50000)
  eden space 279616K, 100% used [0x04800000, 0x15910000, 0x15910000)
  from space 34944K, 100% used [0x17b30000, 0x19d50000, 0x19d50000)
  to   space 34944K,   0% used [0x15910000, 0x15910000, 0x17b30000)
 tenured generation   total 699072K, used 553834K [0x19d50000, 0x44800000, 0x44800000)
   the space 699072K,  79% used [0x19d50000, 0x3ba2abe0, 0x3ba2ac00, 0x44800000)
 Metaspace       used 3484K, capacity 3496K, committed 3520K, reserved 4480K
Event: 16.585 GC heap after
Heap after GC invocations=101 (full 8):
 def new generation   total 314560K, used 34943K [0x04800000, 0x19d50000, 0x19d50000)
  eden space 279616K,   0% used [0x04800000, 0x04800000, 0x15910000)
  from space 34944K,  99% used [0x15910000, 0x17b2fff8, 0x17b30000)
  to   space 34944K,   0% used [0x17b30000, 0x17b30000, 0x19d50000)
 tenured generation   total 699072K, used 668487K [0x19d50000, 0x44800000, 0x44800000)
   the space 699072K,  95% used [0x19d50000, 0x42a21ed0, 0x42a22000, 0x44800000)
 Metaspace       used 3484K, capacity 3496K, committed 3520K, reserved 4480K
}
Event: 17.674 GC heap before
{Heap before GC invocations=101 (full 8):
 def new generation   total 314560K, used 314559K [0x04800000, 0x19d50000, 0x19d50000)
  eden space 279616K, 100% used [0x04800000, 0x15910000, 0x15910000)
  from space 34944K,  99% used [0x15910000, 0x17b2fff8, 0x17b30000)
  to   space 34944K,   0% used [0x17b30000, 0x17b30000, 0x19d50000)
 tenured generation   total 699072K, used 668487K [0x19d50000, 0x44800000, 0x44800000)
   the space 699072K,  95% used [0x19d50000, 0x42a21ed0, 0x42a22000, 0x44800000)
 Metaspace       used 3484K, capacity 3496K, committed 3520K, reserved 4480K

Deoptimization events (0 events):
No events

Internal exceptions (5 events):
Event: 0.025 Thread 0x00e1d000 Exception <a 'java/lang/NoSuchMethodError': Method sun.misc.Unsafe.defineClass(Ljava/lang/String;[BII)Ljava/lang/Class; name or signature does not match> (0x04806e68) thrown at [C:\re\workspace\8-2-build-windows-i586-cygwin\jdk8u102\7268\hotspot\src\share\ÈIWìÅô?
Event: 0.025 Thread 0x00e1d000 Exception <a 'java/lang/NoSuchMethodError': Method sun.misc.Unsafe.prefetchRead(Ljava/lang/Object;J)V name or signature does not match> (0x04807138) thrown at [C:\re\workspace\8-2-build-windows-i586-cygwin\jdk8u102\7268\hotspot\src\share\vm\prims\jni.cpp, ∏faÇ6Ë?
Event: 0.757 Thread 0x4517f800 Exception <a 'java/lang/ArrayIndexOutOfBoundsException': 18> (0x049b7cc0) thrown at [C:\re\workspace\8-2-build-windows-i586-cygwin\jdk8u102\7268\hotspot\src\share\vm\interpreter\interpreterRuntime.cpp, line 366]
Event: 0.757 Thread 0x4517f800 Exception <a 'java/lang/ArrayIndexOutOfBoundsException': 145> (0x049b9560) thrown at [C:\re\workspace\8-2-build-windows-i586-cygwin\jdk8u102\7268\hotspot\src\share\vm\interpreter\interpreterRuntime.cpp, line 366]
Event: 0.757 Thread 0x4517f800 Exception <a 'java/lang/ArrayIndexOutOfBoundsException': 40> (0x049ba640) thrown at [C:\re\workspace\8-2-build-windows-i586-cygwin\jdk8u102\7268\hotspot\src\share\vm\interpreter\interpreterRuntime.cpp, line 366]

Events (10 events):
Event: 11.923 Executing VM operation: GenCollectForAllocation
Event: 12.058 Executing VM operation: GenCollectForAllocation done
Event: 12.299 Thread 0x4501c400 flushing nmethod 0x02a09e08
Event: 12.910 Executing VM operation: GenCollectForAllocation
Event: 14.527 Executing VM operation: GenCollectForAllocation done
Event: 15.235 Executing VM operation: GenCollectForAllocation
Event: 15.424 Executing VM operation: GenCollectForAllocation done
Event: 16.343 Executing VM operation: GenCollectForAllocation
Event: 16.586 Executing VM operation: GenCollectForAllocation done
Event: 17.674 Executing VM operation: GenCollectForAllocation


Dynamic libraries:
0x00f50000 - 0x00f83000 	C:\Program Files (x86)\Java\jdk1.8.0_102\bin\java.exe
0x77170000 - 0x772f0000 	C:\Windows\SysWOW64\ntdll.dll
0x75500000 - 0x75610000 	C:\Windows\syswow64\kernel32.dll
0x764f0000 - 0x76536000 	C:\Windows\syswow64\KERNELBASE.dll
0x76cd0000 - 0x76d70000 	C:\Windows\syswow64\ADVAPI32.dll
0x75430000 - 0x754dc000 	C:\Windows\syswow64\msvcrt.dll
0x767e0000 - 0x767f9000 	C:\Windows\SysWOW64\sechost.dll
0x74dd0000 - 0x74ec0000 	C:\Windows\syswow64\RPCRT4.dll
0x74cd0000 - 0x74d30000 	C:\Windows\syswow64\SspiCli.dll
0x74cc0000 - 0x74ccc000 	C:\Windows\syswow64\CRYPTBASE.dll
0x76650000 - 0x76750000 	C:\Windows\syswow64\USER32.dll
0x76750000 - 0x767e0000 	C:\Windows\syswow64\GDI32.dll
0x77140000 - 0x7714a000 	C:\Windows\syswow64\LPK.dll
0x75390000 - 0x7542d000 	C:\Windows\syswow64\USP10.dll
0x74340000 - 0x744de000 	C:\Windows\WinSxS\x86_microsoft.windows.common-controls_6595b64144ccf1df_6.0.7601.17514_none_41e6975e2bd6f2b2\COMCTL32.dll
0x74f70000 - 0x74fc7000 	C:\Windows\syswow64\SHLWAPI.dll
0x76480000 - 0x764e0000 	C:\Windows\system32\IMM32.DLL
0x76890000 - 0x7695c000 	C:\Windows\syswow64\MSCTF.dll
0x6b810000 - 0x6b8cf000 	C:\Program Files (x86)\Java\jdk1.8.0_102\jre\bin\msvcr100.dll
0x66bd0000 - 0x66f9d000 	C:\Program Files (x86)\Java\jdk1.8.0_102\jre\bin\client\jvm.dll
0x73880000 - 0x73887000 	C:\Windows\system32\WSOCK32.dll
0x74d90000 - 0x74dc5000 	C:\Windows\syswow64\WS2_32.dll
0x76540000 - 0x76546000 	C:\Windows\syswow64\NSI.dll
0x74250000 - 0x74282000 	C:\Windows\system32\WINMM.dll
0x73170000 - 0x73179000 	C:\Windows\system32\VERSION.dll
0x754e0000 - 0x754e5000 	C:\Windows\syswow64\PSAPI.DLL
0x73890000 - 0x7389c000 	C:\Program Files (x86)\Java\jdk1.8.0_102\jre\bin\verify.dll
0x73850000 - 0x73871000 	C:\Program Files (x86)\Java\jdk1.8.0_102\jre\bin\java.dll
0x73830000 - 0x73843000 	C:\Program Files (x86)\Java\jdk1.8.0_102\jre\bin\zip.dll
0x75800000 - 0x7644a000 	C:\Windows\syswow64\SHELL32.dll
0x756a0000 - 0x757fc000 	C:\Windows\syswow64\ole32.dll
0x73130000 - 0x7313b000 	C:\Windows\system32\profapi.dll
0x6ecc0000 - 0x6edab000 	C:\Windows\system32\dbghelp.dll

VM Arguments:
jvm_args: -Djava.awt.headless=true -Xmx1024M -Dfile.encoding=windows-1252 -Duser.country=IN -Duser.language=en -Duser.variant 
java_command: com.android.dx.command.Main --dex --num-threads=4 --multi-dex --main-dex-list D:\Dedicated Project\EbVenetoWorkSpace\EbVeneto\EbVeneto\app\build\intermediates\multi-dex\debug\maindexlist.txt --output D:\Dedicated Project\EbVenetoWorkSpace\EbVeneto\EbVeneto\app\build\intermediates\transforms\dex\debug\folders\1000\1f\main D:\Dedicated Project\EbVenetoWorkSpace\EbVeneto\EbVeneto\app\build\intermediates\transforms\jarMerging\debug\jars\1\1f\combined.jar
java_class_path (initial): D:\Android\eclipse\adt-bundle-windows-x86-20140702\sdk\build-tools\25.0.2\lib\dx.jar
Launcher Type: SUN_STANDARD

Environment Variables:
JAVA_HOME=C:\Program Files (x86)\Java\jdk1.8.0_102\bin
PATH=C:\ProgramData\Oracle\Java\javapath;C:\Windows\system32;C:\Windows;C:\Windows\System32\Wbem;C:\Windows\System32\WindowsPowerShell\v1.0\;C:\Program Files (x86)\Intel\OpenCL SDK\2.0\bin\x86;C:\Program Files (x86)\Intel\OpenCL SDK\2.0\bin\x64;C:\Program Files (x86)\Skype\Phone\;C:\ProgramData\Oracle\Java\javapath;C:\Windows\system32;C:\Windows;C:\Windows\System32\Wbem;C:\Windows\System32\WindowsPowerShell\v1.0\;C:\Program Files (x86)\Intel\OpenCL SDK\2.0\bin\x86;C:\Program Files (x86)\Intel\OpenCL SDK\2.0\bin\x64;C:\Program Files (x86)\Skype\Phone\;C:\Users\Netadmin\AppData\Local\Programs\Git\cmd
USERNAME=Asmita
OS=Windows_NT
PROCESSOR_IDENTIFIER=Intel64 Family 6 Model 58 Stepping 9, GenuineIntel



---------------  S Y S T E M  ---------------

OS: Windows 7 , 64 bit Build 7601 (6.1.7601.17514)

CPU:total 2 (2 cores per cpu, 1 threads per core) family 6 model 58 stepping 9, cmov, cx8, fxsr, mmx, sse, sse2, sse3, ssse3, sse4.1, sse4.2, popcnt, clmul, erms, tsc, tscinvbit, tscinv

Memory: 4k page, physical 8282172k(1077824k free), swap 16562500k(8019796k free)

vm_info: Java HotSpot(TM) Client VM (25.102-b14) for windows-x86 JRE (1.8.0_102-b14), built on Jun 22 2016 13:13:29 by "java_re" with MS VC++ 10.0 (VS2010)

time: Tue Feb 14 15:06:47 2017
elapsed time: 18 seconds (0d 0h 0m 18s)

