#
# A fatal error has been detected by the Java Runtime Environment:
#
#  EXCEPTION_ACCESS_VIOLATION (0xc0000005) at pc=0x6967ad29, pid=4588, tid=0x00001048
#
# JRE version: Java(TM) SE Runtime Environment (8.0_102-b14) (build 1.8.0_102-b14)
# Java VM: Java HotSpot(TM) Client VM (25.102-b14 mixed mode windows-x86 )
# Problematic frame:
# V  [jvm.dll+0xbad29]
#
# Failed to write core dump. Minidumps are not enabled by default on client versions of Windows
#
# If you would like to submit a bug report, please visit:
#   http://bugreport.java.com/bugreport/crash.jsp
#

---------------  T H R E A D  ---------------

Current thread (0x4507dc00):  VMThread [stack: 0x02530000,0x02580000] [id=4168]

siginfo: ExceptionCode=0xc0000005, reading address 0x00000060

Registers:
EAX=0x00000000, EBX=0x00000200, ECX=0x1a1499a8, EDX=0x00000000
ESP=0x0257ee2c, EBP=0x0257ee2c, ESI=0x283ce610, EDI=0x1a1499a8
EIP=0x6967ad29, EFLAGS=0x00010293

Top of Stack: (sp=0x0257ee2c)
0x0257ee2c:   0257ee40 6967db90 283ce610 2c15af3c
0x0257ee3c:   2c15aba4 0257ee5c 696930d8 00000003
0x0257ee4c:   2c15a730 44f420f8 00000001 0000021e
0x0257ee5c:   0257ee74 6969324d 2c15a730 00000000
0x0257ee6c:   2bcf91b8 000003fe 0257ee94 69775311
0x0257ee7c:   19fa5bb0 45f18400 6992a4e4 00000000
0x0257ee8c:   0257ef54 6992a4e4 0257eea0 6977550c
0x0257ee9c:   45f18404 0257f088 6973a0c3 45f18404 

Instructions: (pc=0x6967ad29)
0x6967ad09:   ff 75 06 33 c0 5d c2 04 00 b8 01 00 00 00 5d c2
0x6967ad19:   04 00 83 e0 07 83 f8 05 74 1e 8b 55 08 8b 52 04
0x6967ad29:   8b 52 60 83 e2 07 80 fa 05 74 13 83 f8 01 75 0e
0x6967ad39:   f7 c1 80 ff ff ff 75 06 32 c0 5d c2 04 00 b0 01 


Register to memory mapping:

EAX=0x00000000 is an unknown value
EBX=0x00000200 is an unknown value
ECX=0x1a1499a8 is an oop
com.android.dx.rop.code.RegisterSpec 
 - klass: 'com/android/dx/rop/code/RegisterSpec'
EDX=0x00000000 is an unknown value
ESP=0x0257ee2c is an unknown value
EBP=0x0257ee2c is an unknown value
ESI=0x283ce610 is pointing into object: 0x283ce5f8
[Ljava.lang.Object; 
 - klass: 'java/lang/Object'[]
 - length: 4
EDI=0x1a1499a8 is an oop
com.android.dx.rop.code.RegisterSpec 
 - klass: 'com/android/dx/rop/code/RegisterSpec'


Stack: [0x02530000,0x02580000],  sp=0x0257ee2c,  free space=315k
Native frames: (J=compiled Java code, j=interpreted, Vv=VM code, C=native code)
V  [jvm.dll+0xbad29]
V  [jvm.dll+0xbdb90]
V  [jvm.dll+0xd30d8]
V  [jvm.dll+0xd324d]
V  [jvm.dll+0x1b5311]
V  [jvm.dll+0x1b550c]
V  [jvm.dll+0x17a0c3]
V  [jvm.dll+0x178bfa]
V  [jvm.dll+0x98100]
V  [jvm.dll+0x993f1]
V  [jvm.dll+0x9b120]
V  [jvm.dll+0x9b589]
V  [jvm.dll+0x9a3af]
V  [jvm.dll+0xa6592]
V  [jvm.dll+0x98fc3]
V  [jvm.dll+0x92ec5]
V  [jvm.dll+0x1b87e6]
V  [jvm.dll+0x182adb]
V  [jvm.dll+0x181ee1]
V  [jvm.dll+0x1822f7]
V  [jvm.dll+0x1824f2]
V  [jvm.dll+0x1c2506]
C  [msvcr100.dll+0x5c556]
C  [msvcr100.dll+0x5c600]
C  [kernel32.dll+0x133ca]
C  [ntdll.dll+0x39ed2]
C  [ntdll.dll+0x39ea5]

VM_Operation (0x4787ee48): GenCollectForAllocation, mode: safepoint, requested by thread 0x45f18400


---------------  P R O C E S S  ---------------

Java Threads: ( => current thread )
  0x45f18400 JavaThread "pool-1-thread-1" [_thread_blocked, id=7304, stack(0x47830000,0x47880000)]
  0x45225c00 JavaThread "pool-2-thread-4" [_thread_blocked, id=672, stack(0x45b90000,0x45be0000)]
  0x45224c00 JavaThread "pool-2-thread-3" [_thread_blocked, id=5452, stack(0x45a20000,0x45a70000)]
  0x4521e400 JavaThread "pool-2-thread-2" [_thread_blocked, id=5320, stack(0x459c0000,0x45a10000)]
  0x4521d800 JavaThread "pool-3-thread-1" [_thread_blocked, id=3164, stack(0x45700000,0x45750000)]
  0x4521d400 JavaThread "pool-2-thread-1" [_thread_blocked, id=6584, stack(0x45790000,0x457e0000)]
  0x450c7000 JavaThread "Service Thread" daemon [_thread_blocked, id=7428, stack(0x45270000,0x452c0000)]
  0x450bc000 JavaThread "C1 CompilerThread0" daemon [_thread_blocked, id=4972, stack(0x45480000,0x454d0000)]
  0x450ce000 JavaThread "Attach Listener" daemon [_thread_blocked, id=7700, stack(0x453f0000,0x45440000)]
  0x450cb000 JavaThread "Signal Dispatcher" daemon [_thread_blocked, id=5620, stack(0x049a0000,0x049f0000)]
  0x450a9800 JavaThread "Finalizer" daemon [_thread_blocked, id=7968, stack(0x452d0000,0x45320000)]
  0x45084800 JavaThread "Reference Handler" daemon [_thread_blocked, id=7844, stack(0x04890000,0x048e0000)]
  0x023cd000 JavaThread "main" [_thread_blocked, id=7708, stack(0x00520000,0x00570000)]

Other Threads:
=>0x4507dc00 VMThread [stack: 0x02530000,0x02580000] [id=4168]
  0x450c7800 WatcherThread [stack: 0x455b0000,0x45600000] [id=7864]

VM state:at safepoint (normal execution)

VM Mutex/Monitor currently owned by a thread:  ([mutex/lock_event])
[0x023ca790] Threads_lock - owner thread: 0x4507dc00
[0x023caba0] Heap_lock - owner thread: 0x45f18400

Heap:
 def new generation   total 314560K, used 314560K [0x04a00000, 0x19f50000, 0x19f50000)
  eden space 279616K, 100% used [0x04a00000, 0x15b10000, 0x15b10000)
  from space 34944K, 100% used [0x15b10000, 0x17d30000, 0x17d30000)
  to   space 34944K,   0% used [0x17d30000, 0x17d30000, 0x19f50000)
 tenured generation   total 699072K, used 699071K [0x19f50000, 0x44a00000, 0x44a00000)
   the space 699072K,  99% used [0x19f50000, 0x449ffff8, 0x44a00000, 0x44a00000)
 Metaspace       used 3518K, capacity 3566K, committed 3648K, reserved 4480K

Card table byte_map: [0x44a00000,0x44c10000] byte_map_base: 0x449db000

Polling page: 0x001a0000

CodeCache: size=32768Kb used=3645Kb max_used=3645Kb free=29122Kb
 bounds [0x02890000, 0x02c20000, 0x04890000]
 total_blobs=1931 nmethods=1786 adapters=75
 compilation: enabled

Compilation events (10 events):
Event: 33.017 Thread 0x450bc000 1798             com.android.dx.rop.code.ThrowingCstInsn::withAddedCatch (34 bytes)
Event: 33.017 Thread 0x450bc000 nmethod 1798 0x02c1e5c8 code [0x02c1e6e0, 0x02c1e828]
Event: 33.209 Thread 0x450bc000 1799             com.android.dx.rop.code.Insn$BaseVisitor::visitSwitchInsn (1 bytes)
Event: 33.209 Thread 0x450bc000 nmethod 1799 0x02c1e8c8 code [0x02c1e9c0, 0x02c1ea40]
Event: 33.209 Thread 0x450bc000 1800             com.android.dx.dex.code.RopTranslator$LocalVariableAwareTranslationVisitor::visitSwitchInsn (11 bytes)
Event: 33.210 Thread 0x450bc000 nmethod 1800 0x02c1ea88 code [0x02c1ebe0, 0x02c1ee38]
Event: 33.319 Thread 0x450bc000 1801  s          com.android.dx.dex.file.TypeIdsSection::intern (62 bytes)
Event: 33.320 Thread 0x450bc000 nmethod 1801 0x02c1f248 code [0x02c1f3a0, 0x02c1f7ac]
Event: 33.523 Thread 0x450bc000 1802             com.android.dx.rop.cst.CstMemberRef::equals (56 bytes)
Event: 33.524 Thread 0x450bc000 nmethod 1802 0x02c1fa88 code [0x02c1fba0, 0x02c1fd2c]

GC Heap History (10 events):
Event: 24.993 GC heap after
Heap after GC invocations=104 (full 10):
 def new generation   total 314560K, used 34943K [0x04a00000, 0x19f50000, 0x19f50000)
  eden space 279616K,   0% used [0x04a00000, 0x04a00000, 0x15b10000)
  from space 34944K,  99% used [0x15b10000, 0x17d2fff8, 0x17d30000)
  to   space 34944K,   0% used [0x17d30000, 0x17d30000, 0x19f50000)
 tenured generation   total 699072K, used 555330K [0x19f50000, 0x44a00000, 0x44a00000)
   the space 699072K,  79% used [0x19f50000, 0x3bda0928, 0x3bda0a00, 0x44a00000)
 Metaspace       used 3489K, capacity 3494K, committed 3520K, reserved 4480K
}
Event: 25.603 GC heap before
{Heap before GC invocations=104 (full 10):
 def new generation   total 314560K, used 314559K [0x04a00000, 0x19f50000, 0x19f50000)
  eden space 279616K, 100% used [0x04a00000, 0x15b10000, 0x15b10000)
  from space 34944K,  99% used [0x15b10000, 0x17d2fff8, 0x17d30000)
  to   space 34944K,   0% used [0x17d30000, 0x17d30000, 0x19f50000)
 tenured generation   total 699072K, used 555330K [0x19f50000, 0x44a00000, 0x44a00000)
   the space 699072K,  79% used [0x19f50000, 0x3bda0928, 0x3bda0a00, 0x44a00000)
 Metaspace       used 3489K, capacity 3494K, committed 3520K, reserved 4480K
Event: 25.786 GC heap after
Heap after GC invocations=105 (full 10):
 def new generation   total 314560K, used 34944K [0x04a00000, 0x19f50000, 0x19f50000)
  eden space 279616K,   0% used [0x04a00000, 0x04a00000, 0x15b10000)
  from space 34944K, 100% used [0x17d30000, 0x19f50000, 0x19f50000)
  to   space 34944K,   0% used [0x15b10000, 0x15b10000, 0x17d30000)
 tenured generation   total 699072K, used 596292K [0x19f50000, 0x44a00000, 0x44a00000)
   the space 699072K,  85% used [0x19f50000, 0x3e5a11f0, 0x3e5a1200, 0x44a00000)
 Metaspace       used 3489K, capacity 3494K, committed 3520K, reserved 4480K
}
Event: 26.385 GC heap before
{Heap before GC invocations=105 (full 10):
 def new generation   total 314560K, used 314560K [0x04a00000, 0x19f50000, 0x19f50000)
  eden space 279616K, 100% used [0x04a00000, 0x15b10000, 0x15b10000)
  from space 34944K, 100% used [0x17d30000, 0x19f50000, 0x19f50000)
  to   space 34944K,   0% used [0x15b10000, 0x15b10000, 0x17d30000)
 tenured generation   total 699072K, used 596292K [0x19f50000, 0x44a00000, 0x44a00000)
   the space 699072K,  85% used [0x19f50000, 0x3e5a11f0, 0x3e5a1200, 0x44a00000)
 Metaspace       used 3489K, capacity 3494K, committed 3520K, reserved 4480K
Event: 26.569 GC heap after
Heap after GC invocations=106 (full 10):
 def new generation   total 314560K, used 34943K [0x04a00000, 0x19f50000, 0x19f50000)
  eden space 279616K,   0% used [0x04a00000, 0x04a00000, 0x15b10000)
  from space 34944K,  99% used [0x15b10000, 0x17d2fff8, 0x17d30000)
  to   space 34944K,   0% used [0x17d30000, 0x17d30000, 0x19f50000)
 tenured generation   total 699072K, used 636749K [0x19f50000, 0x44a00000, 0x44a00000)
   the space 699072K,  91% used [0x19f50000, 0x40d23510, 0x40d23600, 0x44a00000)
 Metaspace       used 3489K, capacity 3494K, committed 3520K, reserved 4480K
}
Event: 27.201 GC heap before
{Heap before GC invocations=106 (full 10):
 def new generation   total 314560K, used 314559K [0x04a00000, 0x19f50000, 0x19f50000)
  eden space 279616K, 100% used [0x04a00000, 0x15b10000, 0x15b10000)
  from space 34944K,  99% used [0x15b10000, 0x17d2fff8, 0x17d30000)
  to   space 34944K,   0% used [0x17d30000, 0x17d30000, 0x19f50000)
 tenured generation   total 699072K, used 636749K [0x19f50000, 0x44a00000, 0x44a00000)
   the space 699072K,  91% used [0x19f50000, 0x40d23510, 0x40d23600, 0x44a00000)
 Metaspace       used 3489K, capacity 3494K, committed 3520K, reserved 4480K
Event: 29.132 GC heap after
Heap after GC invocations=107 (full 11):
 def new generation   total 314560K, used 9012K [0x04a00000, 0x19f50000, 0x19f50000)
  eden space 279616K,   3% used [0x04a00000, 0x052cd150, 0x15b10000)
  from space 34944K,   0% used [0x15b10000, 0x15b10000, 0x17d30000)
  to   space 34944K,   0% used [0x17d30000, 0x17d30000, 0x19f50000)
 tenured generation   total 699072K, used 699071K [0x19f50000, 0x44a00000, 0x44a00000)
   the space 699072K,  99% used [0x19f50000, 0x449fffc8, 0x44a00000, 0x44a00000)
 Metaspace       used 3489K, capacity 3494K, committed 3520K, reserved 4480K
}
Event: 30.147 GC heap before
{Heap before GC invocations=107 (full 11):
 def new generation   total 314560K, used 314560K [0x04a00000, 0x19f50000, 0x19f50000)
  eden space 279616K, 100% used [0x04a00000, 0x15b10000, 0x15b10000)
  from space 34944K, 100% used [0x15b10000, 0x17d30000, 0x17d30000)
  to   space 34944K,   0% used [0x17d30000, 0x17d30000, 0x19f50000)
 tenured generation   total 699072K, used 699071K [0x19f50000, 0x44a00000, 0x44a00000)
   the space 699072K,  99% used [0x19f50000, 0x449fffe0, 0x44a00000, 0x44a00000)
 Metaspace       used 3508K, capacity 3534K, committed 3648K, reserved 4480K
Event: 32.478 GC heap after
Heap after GC invocations=108 (full 12):
 def new generation   total 314560K, used 8680K [0x04a00000, 0x19f50000, 0x19f50000)
  eden space 279616K,   3% used [0x04a00000, 0x0527a160, 0x15b10000)
  from space 34944K,   0% used [0x15b10000, 0x15b10000, 0x17d30000)
  to   space 34944K,   0% used [0x17d30000, 0x17d30000, 0x19f50000)
 tenured generation   total 699072K, used 699071K [0x19f50000, 0x44a00000, 0x44a00000)
   the space 699072K,  99% used [0x19f50000, 0x449ffff8, 0x44a00000, 0x44a00000)
 Metaspace       used 3508K, capacity 3534K, committed 3648K, reserved 4480K
}
Event: 33.662 GC heap before
{Heap before GC invocations=108 (full 12):
 def new generation   total 314560K, used 314560K [0x04a00000, 0x19f50000, 0x19f50000)
  eden space 279616K, 100% used [0x04a00000, 0x15b10000, 0x15b10000)
  from space 34944K, 100% used [0x15b10000, 0x17d30000, 0x17d30000)
  to   space 34944K,   0% used [0x17d30000, 0x17d30000, 0x19f50000)
 tenured generation   total 699072K, used 699071K [0x19f50000, 0x44a00000, 0x44a00000)
   the space 699072K,  99% used [0x19f50000, 0x449ffff8, 0x44a00000, 0x44a00000)
 Metaspace       used 3518K, capacity 3566K, committed 3648K, reserved 4480K

Deoptimization events (0 events):
No events

Internal exceptions (5 events):
Event: 0.033 Thread 0x023cd000 Exception <a 'java/lang/NoSuchMethodError': Method sun.misc.Unsafe.defineClass(Ljava/lang/String;[BII)Ljava/lang/Class; name or signature does not match> (0x04a06e68) thrown at [C:\re\workspace\8-2-build-windows-i586-cygwin\jdk8u102\7268\hotspot\src\share\\<ÏL¡?
Event: 0.033 Thread 0x023cd000 Exception <a 'java/lang/NoSuchMethodError': Method sun.misc.Unsafe.prefetchRead(Ljava/lang/Object;J)V name or signature does not match> (0x04a07138) thrown at [C:\re\workspace\8-2-build-windows-i586-cygwin\jdk8u102\7268\hotspot\src\share\vm\prims\jni.cpp, ò$UŸEë?
Event: 0.852 Thread 0x4521d400 Exception <a 'java/lang/ArrayIndexOutOfBoundsException': 18> (0x04b54c50) thrown at [C:\re\workspace\8-2-build-windows-i586-cygwin\jdk8u102\7268\hotspot\src\share\vm\interpreter\interpreterRuntime.cpp, line 366]
Event: 0.852 Thread 0x4521d400 Exception <a 'java/lang/ArrayIndexOutOfBoundsException': 145> (0x04b564f0) thrown at [C:\re\workspace\8-2-build-windows-i586-cygwin\jdk8u102\7268\hotspot\src\share\vm\interpreter\interpreterRuntime.cpp, line 366]
Event: 0.853 Thread 0x4521d400 Exception <a 'java/lang/ArrayIndexOutOfBoundsException': 40> (0x04b65318) thrown at [C:\re\workspace\8-2-build-windows-i586-cygwin\jdk8u102\7268\hotspot\src\share\vm\interpreter\interpreterRuntime.cpp, line 366]

Events (10 events):
Event: 29.671 Executing VM operation: RevokeBias done
Event: 30.147 Executing VM operation: GenCollectForAllocation
Event: 32.478 Executing VM operation: GenCollectForAllocation done
Event: 32.528 loading class java/util/HashMap$KeySet
Event: 32.528 loading class java/util/HashMap$KeySet done
Event: 32.528 loading class java/util/HashMap$KeyIterator
Event: 32.528 loading class java/util/HashMap$KeyIterator done
Event: 32.530 loading class com/android/dx/dex/file/CatchStructs
Event: 32.530 loading class com/android/dx/dex/file/CatchStructs done
Event: 33.662 Executing VM operation: GenCollectForAllocation


Dynamic libraries:
0x000a0000 - 0x000d3000 	C:\Program Files (x86)\Java\jdk1.8.0_102\bin\java.exe
0x77b80000 - 0x77d00000 	C:\Windows\SysWOW64\ntdll.dll
0x770d0000 - 0x771e0000 	C:\Windows\syswow64\kernel32.dll
0x76ea0000 - 0x76ee6000 	C:\Windows\syswow64\KERNELBASE.dll
0x76730000 - 0x767d0000 	C:\Windows\syswow64\ADVAPI32.dll
0x76f00000 - 0x76fac000 	C:\Windows\syswow64\msvcrt.dll
0x75830000 - 0x75849000 	C:\Windows\SysWOW64\sechost.dll
0x75740000 - 0x75830000 	C:\Windows\syswow64\RPCRT4.dll
0x756e0000 - 0x75740000 	C:\Windows\syswow64\SspiCli.dll
0x756d0000 - 0x756dc000 	C:\Windows\syswow64\CRYPTBASE.dll
0x771e0000 - 0x772e0000 	C:\Windows\syswow64\USER32.dll
0x77040000 - 0x770d0000 	C:\Windows\syswow64\GDI32.dll
0x75850000 - 0x7585a000 	C:\Windows\syswow64\LPK.dll
0x767d0000 - 0x7686d000 	C:\Windows\syswow64\USP10.dll
0x74c10000 - 0x74dae000 	C:\Windows\WinSxS\x86_microsoft.windows.common-controls_6595b64144ccf1df_6.0.7601.17514_none_41e6975e2bd6f2b2\COMCTL32.dll
0x76c40000 - 0x76c97000 	C:\Windows\syswow64\SHLWAPI.dll
0x766d0000 - 0x76730000 	C:\Windows\system32\IMM32.DLL
0x76b20000 - 0x76bec000 	C:\Windows\syswow64\MSCTF.dll
0x6d760000 - 0x6d81f000 	C:\Program Files (x86)\Java\jdk1.8.0_102\jre\bin\msvcr100.dll
0x695c0000 - 0x6998d000 	C:\Program Files (x86)\Java\jdk1.8.0_102\jre\bin\client\jvm.dll
0x74100000 - 0x74107000 	C:\Windows\system32\WSOCK32.dll
0x75880000 - 0x758b5000 	C:\Windows\syswow64\WS2_32.dll
0x77b50000 - 0x77b56000 	C:\Windows\syswow64\NSI.dll
0x74990000 - 0x749c2000 	C:\Windows\system32\WINMM.dll
0x74ee0000 - 0x74ee9000 	C:\Windows\system32\VERSION.dll
0x76ef0000 - 0x76ef5000 	C:\Windows\syswow64\PSAPI.DLL
0x740f0000 - 0x740fc000 	C:\Program Files (x86)\Java\jdk1.8.0_102\jre\bin\verify.dll
0x740c0000 - 0x740e1000 	C:\Program Files (x86)\Java\jdk1.8.0_102\jre\bin\java.dll
0x740a0000 - 0x740b3000 	C:\Program Files (x86)\Java\jdk1.8.0_102\jre\bin\zip.dll
0x75a80000 - 0x766ca000 	C:\Windows\syswow64\SHELL32.dll
0x769c0000 - 0x76b1c000 	C:\Windows\syswow64\ole32.dll
0x74ea0000 - 0x74eab000 	C:\Windows\system32\profapi.dll
0x6f6a0000 - 0x6f78b000 	C:\Windows\system32\dbghelp.dll

VM Arguments:
jvm_args: -Djava.awt.headless=true -Xmx1024M -Dfile.encoding=windows-1252 -Duser.country=IN -Duser.language=en -Duser.variant 
java_command: com.android.dx.command.Main --dex --num-threads=4 --multi-dex --main-dex-list D:\Dedicated Project\EbVenetoWorkSpace\EbVeneto\EbVeneto\app\build\intermediates\multi-dex\debug\maindexlist.txt --output D:\Dedicated Project\EbVenetoWorkSpace\EbVeneto\EbVeneto\app\build\intermediates\transforms\dex\debug\folders\1000\1f\main D:\Dedicated Project\EbVenetoWorkSpace\EbVeneto\EbVeneto\app\build\intermediates\transforms\jarMerging\debug\jars\1\1f\combined.jar
java_class_path (initial): D:\Android\eclipse\adt-bundle-windows-x86-20140702\sdk\build-tools\25.0.2\lib\dx.jar
Launcher Type: SUN_STANDARD

Environment Variables:
JAVA_HOME=C:\Program Files (x86)\Java\jdk1.8.0_102\bin
PATH=C:\ProgramData\Oracle\Java\javapath;C:\Windows\system32;C:\Windows;C:\Windows\System32\Wbem;C:\Windows\System32\WindowsPowerShell\v1.0\;C:\Program Files (x86)\Intel\OpenCL SDK\2.0\bin\x86;C:\Program Files (x86)\Intel\OpenCL SDK\2.0\bin\x64;C:\Program Files (x86)\Skype\Phone\;C:\ProgramData\Oracle\Java\javapath;C:\Windows\system32;C:\Windows;C:\Windows\System32\Wbem;C:\Windows\System32\WindowsPowerShell\v1.0\;C:\Program Files (x86)\Intel\OpenCL SDK\2.0\bin\x86;C:\Program Files (x86)\Intel\OpenCL SDK\2.0\bin\x64;C:\Program Files (x86)\Skype\Phone\;C:\Users\Netadmin\AppData\Local\Programs\Git\cmd
USERNAME=Asmita
OS=Windows_NT
PROCESSOR_IDENTIFIER=Intel64 Family 6 Model 58 Stepping 9, GenuineIntel



---------------  S Y S T E M  ---------------

OS: Windows 7 , 64 bit Build 7601 (6.1.7601.17514)

CPU:total 2 (2 cores per cpu, 1 threads per core) family 6 model 58 stepping 9, cmov, cx8, fxsr, mmx, sse, sse2, sse3, ssse3, sse4.1, sse4.2, popcnt, clmul, erms, tsc, tscinvbit, tscinv

Memory: 4k page, physical 8282172k(1633596k free), swap 16562500k(9489856k free)

vm_info: Java HotSpot(TM) Client VM (25.102-b14) for windows-x86 JRE (1.8.0_102-b14), built on Jun 22 2016 13:13:29 by "java_re" with MS VC++ 10.0 (VS2010)

time: Tue Jan 24 16:52:30 2017
elapsed time: 34 seconds (0d 0h 0m 34s)

