#
# A fatal error has been detected by the Java Runtime Environment:
#
#  EXCEPTION_ACCESS_VIOLATION (0xc0000005) at pc=0x69116f44, pid=8120, tid=0x000020fc
#
# JRE version: Java(TM) SE Runtime Environment (8.0_102-b14) (build 1.8.0_102-b14)
# Java VM: Java HotSpot(TM) Client VM (25.102-b14 mixed mode windows-x86 )
# Problematic frame:
# V  [jvm.dll+0x176f44]
#
# Failed to write core dump. Minidumps are not enabled by default on client versions of Windows
#
# If you would like to submit a bug report, please visit:
#   http://bugreport.java.com/bugreport/crash.jsp
#

---------------  T H R E A D  ---------------

Current thread (0x44f88400):  JavaThread "pool-2-thread-3" [_thread_in_vm, id=8444, stack(0x45bd0000,0x45c20000)]

siginfo: ExceptionCode=0xc0000005, reading address 0x00000001

Registers:
EAX=0x00000001, EBX=0x44f88400, ECX=0x00000000, EDX=0x00000003
ESP=0x45c1ec10, EBP=0x45c1ec2c, ESI=0x00000001, EDI=0x1792bd90
EIP=0x69116f44, EFLAGS=0x00010202

Top of Stack: (sp=0x45c1ec10)
0x45c1ec10:   44f88400 07fc1c08 44f88400 45c1ec2c
0x45c1ec20:   68fa7394 44f88400 00000003 45c1ec48
0x45c1ec30:   6909c792 44f88400 1792bd90 44f88400
0x45c1ec40:   07fc1c08 44970c88 45c1ec68 02687038
0x45c1ec50:   44f88540 45c1ec58 1792bd90 00000001
0x45c1ec60:   00000031 07fc1ec4 45c1f31c 026ad6d8
0x45c1ec70:   17836110 07fc1ec4 45c1f31c 02692ed8
0x45c1ec80:   00000000 20000000 44f88400 00000138 

Instructions: (pc=0x69116f44)
0x69116f24:   83 7d f4 00 74 01 f0 0f b1 0a 3b c6 75 43 5f 5e
0x69116f34:   8b c3 5b 8b e5 5d c3 d1 e8 a8 01 74 13 83 f6 02
0x69116f44:   8b 06 c1 e8 07 85 c0 74 2b 5f 5e 5b 8b e5 5d c3
0x69116f54:   8b 13 8b 42 40 56 8b cb ff d0 84 c0 74 16 83 e6 


Register to memory mapping:

EAX=0x00000001 is an unknown value
EBX=0x44f88400 is a thread
ECX=0x00000000 is an unknown value
EDX=0x00000003 is an unknown value
ESP=0x45c1ec10 is pointing into the stack for thread: 0x44f88400
EBP=0x45c1ec2c is pointing into the stack for thread: 0x44f88400
ESI=0x00000001 is an unknown value
EDI=0x1792bd90 is an unallocated location in the heap


Stack: [0x45bd0000,0x45c20000],  sp=0x45c1ec10,  free space=315k
Native frames: (J=compiled Java code, j=interpreted, Vv=VM code, C=native code)
V  [jvm.dll+0x176f44]
V  [jvm.dll+0xfc792]
J 194  java.lang.Object.hashCode()I (0 bytes) @ 0x02687038 [0x02686f90+0xa8]
J 313 C1 java.util.HashMap.containsKey(Ljava/lang/Object;)Z (18 bytes) @ 0x026ad6d8 [0x026ad690+0x48]
J 314 C1 java.util.HashSet.contains(Ljava/lang/Object;)Z (9 bytes) @ 0x026ad938 [0x026ad910+0x28]
J 289 C1 com.android.dx.ssa.SsaMethod.deleteInsns(Ljava/util/Set;)V (239 bytes) @ 0x026a5b4c [0x026a5a10+0x13c]
J 405 C1 com.android.dx.ssa.DeadCodeRemover.pruneDeadInstructions()V (246 bytes) @ 0x026da7c0 [0x026da390+0x430]
J 491 C1 com.android.dx.ssa.DeadCodeRemover.run()V (194 bytes) @ 0x0270f2e8 [0x0270f2c0+0x28]
J 1055 C1 com.android.dx.ssa.Optimizer.runSsaFormSteps(Lcom/android/dx/ssa/SsaMethod;Ljava/util/EnumSet;)V (117 bytes) @ 0x028129f4 [0x02812760+0x294]
J 1105 C1 com.android.dx.ssa.Optimizer.optimize(Lcom/android/dx/rop/code/RopMethod;IZZLcom/android/dx/rop/code/TranslationAdvice;Ljava/util/EnumSet;)Lcom/android/dx/rop/code/RopMethod; (67 bytes) @ 0x0282443c [0x028243e0+0x5c]
J 1012 C1 com.android.dx.dex.cf.CfTranslator.processMethods(Lcom/android/dx/cf/direct/DirectClassFile;Lcom/android/dx/dex/cf/CfOptions;Lcom/android/dx/dex/DexOptions;Lcom/android/dx/dex/file/ClassDefItem;Lcom/android/dx/dex/file/DexFile;)V (583 bytes) @ 0x027fdd9c [0x027fd710+0x68c]
J 578 C1 com.android.dx.dex.cf.CfTranslator.translate0(Lcom/android/dx/cf/direct/DirectClassFile;[BLcom/android/dx/dex/cf/CfOptions;Lcom/android/dx/dex/DexOptions;Lcom/android/dx/dex/file/DexFile;)Lcom/android/dx/dex/file/ClassDefItem; (259 bytes) @ 0x02745ecc [0x02745c40+0x28c]
J 1531 C1 com.android.dx.dex.cf.CfTranslator.translate(Lcom/android/dx/cf/direct/DirectClassFile;[BLcom/android/dx/dex/cf/CfOptions;Lcom/android/dx/dex/DexOptions;Lcom/android/dx/dex/file/DexFile;)Lcom/android/dx/dex/file/ClassDefItem; (44 bytes) @ 0x028c07b0 [0x028c0780+0x30]
J 1530 C1 com.android.dx.command.dexer.Main.translateClass([BLcom/android/dx/cf/direct/DirectClassFile;)Lcom/android/dx/dex/file/ClassDefItem; (65 bytes) @ 0x028c0114 [0x028c00e0+0x34]
J 1527 C1 com.android.dx.command.dexer.Main$ClassTranslatorTask.call()Ljava/lang/Object; (5 bytes) @ 0x028bfa6c [0x028bfa40+0x2c]
J 1366 C1 java.util.concurrent.FutureTask.run()V (126 bytes) @ 0x028815a0 [0x02881510+0x90]
J 1705% C1 java.util.concurrent.ThreadPoolExecutor.runWorker(Ljava/util/concurrent/ThreadPoolExecutor$Worker;)V (225 bytes) @ 0x0269ca84 [0x0269c880+0x204]
j  java.util.concurrent.ThreadPoolExecutor$Worker.run()V+5
j  java.lang.Thread.run()V+11
v  ~StubRoutines::call_stub
V  [jvm.dll+0x15a6e5]
V  [jvm.dll+0x2204fe]
V  [jvm.dll+0x15a77e]
V  [jvm.dll+0x15a906]
V  [jvm.dll+0x15a977]
V  [jvm.dll+0xfed1f]
V  [jvm.dll+0x17d210]
V  [jvm.dll+0x17da8a]
V  [jvm.dll+0x1c2506]
C  [msvcr100.dll+0x5c556]
C  [msvcr100.dll+0x5c600]
C  [kernel32.dll+0x133ca]
C  [ntdll.dll+0x39ed2]
C  [ntdll.dll+0x39ea5]
C  0x00000000

Java frames: (J=compiled Java code, j=interpreted, Vv=VM code)
J 194  java.lang.Object.hashCode()I (0 bytes) @ 0x02686ff4 [0x02686f90+0x64]
J 313 C1 java.util.HashMap.containsKey(Ljava/lang/Object;)Z (18 bytes) @ 0x026ad6d8 [0x026ad690+0x48]
J 314 C1 java.util.HashSet.contains(Ljava/lang/Object;)Z (9 bytes) @ 0x026ad938 [0x026ad910+0x28]
J 289 C1 com.android.dx.ssa.SsaMethod.deleteInsns(Ljava/util/Set;)V (239 bytes) @ 0x026a5b4c [0x026a5a10+0x13c]
J 405 C1 com.android.dx.ssa.DeadCodeRemover.pruneDeadInstructions()V (246 bytes) @ 0x026da7c0 [0x026da390+0x430]
J 491 C1 com.android.dx.ssa.DeadCodeRemover.run()V (194 bytes) @ 0x0270f2e8 [0x0270f2c0+0x28]
J 1055 C1 com.android.dx.ssa.Optimizer.runSsaFormSteps(Lcom/android/dx/ssa/SsaMethod;Ljava/util/EnumSet;)V (117 bytes) @ 0x028129f4 [0x02812760+0x294]
J 1105 C1 com.android.dx.ssa.Optimizer.optimize(Lcom/android/dx/rop/code/RopMethod;IZZLcom/android/dx/rop/code/TranslationAdvice;Ljava/util/EnumSet;)Lcom/android/dx/rop/code/RopMethod; (67 bytes) @ 0x0282443c [0x028243e0+0x5c]
J 1012 C1 com.android.dx.dex.cf.CfTranslator.processMethods(Lcom/android/dx/cf/direct/DirectClassFile;Lcom/android/dx/dex/cf/CfOptions;Lcom/android/dx/dex/DexOptions;Lcom/android/dx/dex/file/ClassDefItem;Lcom/android/dx/dex/file/DexFile;)V (583 bytes) @ 0x027fdd9c [0x027fd710+0x68c]
J 578 C1 com.android.dx.dex.cf.CfTranslator.translate0(Lcom/android/dx/cf/direct/DirectClassFile;[BLcom/android/dx/dex/cf/CfOptions;Lcom/android/dx/dex/DexOptions;Lcom/android/dx/dex/file/DexFile;)Lcom/android/dx/dex/file/ClassDefItem; (259 bytes) @ 0x02745ecc [0x02745c40+0x28c]
J 1531 C1 com.android.dx.dex.cf.CfTranslator.translate(Lcom/android/dx/cf/direct/DirectClassFile;[BLcom/android/dx/dex/cf/CfOptions;Lcom/android/dx/dex/DexOptions;Lcom/android/dx/dex/file/DexFile;)Lcom/android/dx/dex/file/ClassDefItem; (44 bytes) @ 0x028c07b0 [0x028c0780+0x30]
J 1530 C1 com.android.dx.command.dexer.Main.translateClass([BLcom/android/dx/cf/direct/DirectClassFile;)Lcom/android/dx/dex/file/ClassDefItem; (65 bytes) @ 0x028c0114 [0x028c00e0+0x34]
J 1527 C1 com.android.dx.command.dexer.Main$ClassTranslatorTask.call()Ljava/lang/Object; (5 bytes) @ 0x028bfa6c [0x028bfa40+0x2c]
J 1366 C1 java.util.concurrent.FutureTask.run()V (126 bytes) @ 0x028815a0 [0x02881510+0x90]
J 1705% C1 java.util.concurrent.ThreadPoolExecutor.runWorker(Ljava/util/concurrent/ThreadPoolExecutor$Worker;)V (225 bytes) @ 0x0269ca84 [0x0269c880+0x204]
j  java.util.concurrent.ThreadPoolExecutor$Worker.run()V+5
j  java.lang.Thread.run()V+11
v  ~StubRoutines::call_stub

---------------  P R O C E S S  ---------------

Java Threads: ( => current thread )
  0x44e72400 JavaThread "pool-1-thread-1" [_thread_blocked, id=8464, stack(0x45af0000,0x45b40000)]
  0x44faf800 JavaThread "pool-2-thread-4" [_thread_blocked, id=8536, stack(0x45b80000,0x45bd0000)]
=>0x44f88400 JavaThread "pool-2-thread-3" [_thread_in_vm, id=8444, stack(0x45bd0000,0x45c20000)]
  0x44f8bc00 JavaThread "pool-2-thread-2" [_thread_blocked, id=7676, stack(0x45a20000,0x45a70000)]
  0x44f83400 JavaThread "pool-3-thread-1" [_thread_blocked, id=5588, stack(0x45970000,0x459c0000)]
  0x44f81c00 JavaThread "pool-2-thread-1" [_thread_in_Java, id=6828, stack(0x454a0000,0x454f0000)]
  0x44e22400 JavaThread "Service Thread" daemon [_thread_blocked, id=6108, stack(0x45150000,0x451a0000)]
  0x44e1c400 JavaThread "C1 CompilerThread0" daemon [_thread_blocked, id=4576, stack(0x44fd0000,0x45020000)]
  0x44e2e000 JavaThread "Attach Listener" daemon [_thread_blocked, id=7252, stack(0x45580000,0x455d0000)]
  0x44e2b000 JavaThread "Signal Dispatcher" daemon [_thread_blocked, id=8888, stack(0x45420000,0x45470000)]
  0x44e09800 JavaThread "Finalizer" daemon [_thread_blocked, id=6080, stack(0x45270000,0x452c0000)]
  0x44de4800 JavaThread "Reference Handler" daemon [_thread_blocked, id=4864, stack(0x450f0000,0x45140000)]
  0x0028d000 JavaThread "main" [_thread_blocked, id=7840, stack(0x004a0000,0x004f0000)]

Other Threads:
  0x44dddc00 VMThread [stack: 0x45070000,0x450c0000] [id=8724]
  0x44e27400 WatcherThread [stack: 0x456f0000,0x45740000] [id=7668]

VM state:not at safepoint (normal execution)

VM Mutex/Monitor currently owned by a thread: None

Heap:
 def new generation   total 314560K, used 63161K [0x04600000, 0x19b50000, 0x19b50000)
  eden space 279616K,  22% used [0x04600000, 0x083ae590, 0x15710000)
  from space 34944K,   0% used [0x15710000, 0x15710000, 0x17930000)
  to   space 34944K,   0% used [0x17930000, 0x17930000, 0x19b50000)
 tenured generation   total 699072K, used 699071K [0x19b50000, 0x44600000, 0x44600000)
   the space 699072K,  99% used [0x19b50000, 0x445ffff8, 0x44600000, 0x44600000)
 Metaspace       used 3513K, capacity 3566K, committed 3648K, reserved 4480K

Card table byte_map: [0x44600000,0x44810000] byte_map_base: 0x445dd000

Polling page: 0x00190000

CodeCache: size=32768Kb used=3672Kb max_used=3672Kb free=29095Kb
 bounds [0x02590000, 0x02928000, 0x04590000]
 total_blobs=1924 nmethods=1779 adapters=75
 compilation: enabled

Compilation events (10 events):
Event: 40.788 Thread 0x44e1c400 1790             com.android.dx.dex.file.AnnotationItem::compareTo0 (17 bytes)
Event: 40.788 Thread 0x44e1c400 nmethod 1790 0x02925c48 code [0x02925d50, 0x02925e1c]
Event: 40.791 Thread 0x44e1c400 1791             com.android.dx.dex.file.AnnotationSetRefItem::addContents (21 bytes)
Event: 40.792 Thread 0x44e1c400 nmethod 1791 0x02925f08 code [0x02926010, 0x029260ec]
Event: 40.820 Thread 0x44e1c400 1792             com.android.dx.rop.cst.CstKnownNull::compareTo0 (2 bytes)
Event: 40.820 Thread 0x44e1c400 nmethod 1792 0x029261c8 code [0x029262c0, 0x02926340]
Event: 40.831 Thread 0x44e1c400 1793             com.android.dx.dex.file.DebugInfoItem::addContents (1 bytes)
Event: 40.831 Thread 0x44e1c400 nmethod 1793 0x02926388 code [0x02926480, 0x02926500]
Event: 40.865 Thread 0x44e1c400 1794             com.android.dx.cf.code.SwitchList::getValues (5 bytes)
Event: 40.865 Thread 0x44e1c400 nmethod 1794 0x02926548 code [0x02926640, 0x029266c0]

GC Heap History (10 events):
Event: 29.732 GC heap before
{Heap before GC invocations=104 (full 10):
 def new generation   total 314560K, used 314560K [0x04600000, 0x19b50000, 0x19b50000)
  eden space 279616K, 100% used [0x04600000, 0x15710000, 0x15710000)
  from space 34944K, 100% used [0x15710000, 0x17930000, 0x17930000)
  to   space 34944K,   0% used [0x17930000, 0x17930000, 0x19b50000)
 tenured generation   total 699072K, used 565179K [0x19b50000, 0x44600000, 0x44600000)
   the space 699072K,  80% used [0x19b50000, 0x3c33ecb8, 0x3c33ee00, 0x44600000)
 Metaspace       used 3484K, capacity 3496K, committed 3520K, reserved 4480K
Event: 29.931 GC heap after
Heap after GC invocations=105 (full 10):
 def new generation   total 314560K, used 34944K [0x04600000, 0x19b50000, 0x19b50000)
  eden space 279616K,   0% used [0x04600000, 0x04600000, 0x15710000)
  from space 34944K, 100% used [0x17930000, 0x19b50000, 0x19b50000)
  to   space 34944K,   0% used [0x15710000, 0x15710000, 0x17930000)
 tenured generation   total 699072K, used 606207K [0x19b50000, 0x44600000, 0x44600000)
   the space 699072K,  86% used [0x19b50000, 0x3eb4fe98, 0x3eb50000, 0x44600000)
 Metaspace       used 3484K, capacity 3496K, committed 3520K, reserved 4480K
}
Event: 30.704 GC heap before
{Heap before GC invocations=105 (full 10):
 def new generation   total 314560K, used 314560K [0x04600000, 0x19b50000, 0x19b50000)
  eden space 279616K, 100% used [0x04600000, 0x15710000, 0x15710000)
  from space 34944K, 100% used [0x17930000, 0x19b50000, 0x19b50000)
  to   space 34944K,   0% used [0x15710000, 0x15710000, 0x17930000)
 tenured generation   total 699072K, used 606207K [0x19b50000, 0x44600000, 0x44600000)
   the space 699072K,  86% used [0x19b50000, 0x3eb4fe98, 0x3eb50000, 0x44600000)
 Metaspace       used 3484K, capacity 3496K, committed 3520K, reserved 4480K
Event: 30.919 GC heap after
Heap after GC invocations=106 (full 10):
 def new generation   total 314560K, used 34943K [0x04600000, 0x19b50000, 0x19b50000)
  eden space 279616K,   0% used [0x04600000, 0x04600000, 0x15710000)
  from space 34944K,  99% used [0x15710000, 0x1792fff8, 0x17930000)
  to   space 34944K,   0% used [0x17930000, 0x17930000, 0x19b50000)
 tenured generation   total 699072K, used 646433K [0x19b50000, 0x44600000, 0x44600000)
   the space 699072K,  92% used [0x19b50000, 0x41298740, 0x41298800, 0x44600000)
 Metaspace       used 3484K, capacity 3496K, committed 3520K, reserved 4480K
}
Event: 32.883 GC heap before
{Heap before GC invocations=106 (full 10):
 def new generation   total 314560K, used 314559K [0x04600000, 0x19b50000, 0x19b50000)
  eden space 279616K, 100% used [0x04600000, 0x15710000, 0x15710000)
  from space 34944K,  99% used [0x15710000, 0x1792fff8, 0x17930000)
  to   space 34944K,   0% used [0x17930000, 0x17930000, 0x19b50000)
 tenured generation   total 699072K, used 646433K [0x19b50000, 0x44600000, 0x44600000)
   the space 699072K,  92% used [0x19b50000, 0x41298740, 0x41298800, 0x44600000)
 Metaspace       used 3484K, capacity 3496K, committed 3520K, reserved 4480K
Event: 35.175 GC heap after
Heap after GC invocations=107 (full 11):
 def new generation   total 314560K, used 18363K [0x04600000, 0x19b50000, 0x19b50000)
  eden space 279616K,   6% used [0x04600000, 0x057eefb0, 0x15710000)
  from space 34944K,   0% used [0x15710000, 0x15710000, 0x17930000)
  to   space 34944K,   0% used [0x17930000, 0x17930000, 0x19b50000)
 tenured generation   total 699072K, used 699072K [0x19b50000, 0x44600000, 0x44600000)
   the space 699072K, 100% used [0x19b50000, 0x44600000, 0x44600000, 0x44600000)
 Metaspace       used 3484K, capacity 3496K, committed 3520K, reserved 4480K
}
Event: 36.701 GC heap before
{Heap before GC invocations=107 (full 11):
 def new generation   total 314560K, used 314559K [0x04600000, 0x19b50000, 0x19b50000)
  eden space 279616K, 100% used [0x04600000, 0x15710000, 0x15710000)
  from space 34944K,  99% used [0x15710000, 0x1792fff8, 0x17930000)
  to   space 34944K,   0% used [0x17930000, 0x17930000, 0x19b50000)
 tenured generation   total 699072K, used 699072K [0x19b50000, 0x44600000, 0x44600000)
   the space 699072K, 100% used [0x19b50000, 0x44600000, 0x44600000, 0x44600000)
 Metaspace       used 3513K, capacity 3566K, committed 3648K, reserved 4480K
Event: 39.314 GC heap after
Heap after GC invocations=108 (full 12):
 def new generation   total 314560K, used 11843K [0x04600000, 0x19b50000, 0x19b50000)
  eden space 279616K,   4% used [0x04600000, 0x05190c40, 0x15710000)
  from space 34944K,   0% used [0x15710000, 0x15710000, 0x17930000)
  to   space 34944K,   0% used [0x17930000, 0x17930000, 0x19b50000)
 tenured generation   total 699072K, used 699071K [0x19b50000, 0x44600000, 0x44600000)
   the space 699072K,  99% used [0x19b50000, 0x445ffff8, 0x44600000, 0x44600000)
 Metaspace       used 3513K, capacity 3566K, committed 3648K, reserved 4480K
}
Event: 40.945 GC heap before
{Heap before GC invocations=108 (full 12):
 def new generation   total 314560K, used 314559K [0x04600000, 0x19b50000, 0x19b50000)
  eden space 279616K, 100% used [0x04600000, 0x15710000, 0x15710000)
  from space 34944K,  99% used [0x15710000, 0x1792fd98, 0x17930000)
  to   space 34944K,   0% used [0x17930000, 0x17930000, 0x19b50000)
 tenured generation   total 699072K, used 699071K [0x19b50000, 0x44600000, 0x44600000)
   the space 699072K,  99% used [0x19b50000, 0x445ffff8, 0x44600000, 0x44600000)
 Metaspace       used 3513K, capacity 3566K, committed 3648K, reserved 4480K
Event: 43.242 GC heap after
Heap after GC invocations=109 (full 13):
 def new generation   total 314560K, used 56554K [0x04600000, 0x19b50000, 0x19b50000)
  eden space 279616K,  20% used [0x04600000, 0x07d3aa38, 0x15710000)
  from space 34944K,   0% used [0x15710000, 0x15710000, 0x17930000)
  to   space 34944K,   0% used [0x17930000, 0x17930000, 0x19b50000)
 tenured generation   total 699072K, used 699071K [0x19b50000, 0x44600000, 0x44600000)
   the space 699072K,  99% used [0x19b50000, 0x445ffff8, 0x44600000, 0x44600000)
 Metaspace       used 3513K, capacity 3566K, committed 3648K, reserved 4480K
}

Deoptimization events (0 events):
No events

Internal exceptions (5 events):
Event: 0.028 Thread 0x0028d000 Exception <a 'java/lang/NoSuchMethodError': Method sun.misc.Unsafe.defineClass(Ljava/lang/String;[BII)Ljava/lang/Class; name or signature does not match> (0x04606e68) thrown at [C:\re\workspace\8-2-build-windows-i586-cygwin\jdk8u102\7268\hotspot\src\share\©M…Ð5<œ?
Event: 0.028 Thread 0x0028d000 Exception <a 'java/lang/NoSuchMethodError': Method sun.misc.Unsafe.prefetchRead(Ljava/lang/Object;J)V name or signature does not match> (0x04607138) thrown at [C:\re\workspace\8-2-build-windows-i586-cygwin\jdk8u102\7268\hotspot\src\share\vm\prims\jni.cpp, Òæ…<¡„í?
Event: 0.922 Thread 0x44f81c00 Exception <a 'java/lang/ArrayIndexOutOfBoundsException': 18> (0x04a2da38) thrown at [C:\re\workspace\8-2-build-windows-i586-cygwin\jdk8u102\7268\hotspot\src\share\vm\interpreter\interpreterRuntime.cpp, line 366]
Event: 0.923 Thread 0x44f81c00 Exception <a 'java/lang/ArrayIndexOutOfBoundsException': 145> (0x04a2f2d8) thrown at [C:\re\workspace\8-2-build-windows-i586-cygwin\jdk8u102\7268\hotspot\src\share\vm\interpreter\interpreterRuntime.cpp, line 366]
Event: 0.924 Thread 0x44f81c00 Exception <a 'java/lang/ArrayIndexOutOfBoundsException': 40> (0x04a303b8) thrown at [C:\re\workspace\8-2-build-windows-i586-cygwin\jdk8u102\7268\hotspot\src\share\vm\interpreter\interpreterRuntime.cpp, line 366]

Events (10 events):
Event: 36.353 loading class java/util/HashMap$KeySet
Event: 36.353 loading class java/util/HashMap$KeySet done
Event: 36.353 loading class java/util/HashMap$KeyIterator
Event: 36.355 loading class java/util/HashMap$KeyIterator done
Event: 36.359 loading class com/android/dx/dex/file/CatchStructs
Event: 36.359 loading class com/android/dx/dex/file/CatchStructs done
Event: 36.698 Executing VM operation: GenCollectForAllocation
Event: 39.314 Executing VM operation: GenCollectForAllocation done
Event: 40.945 Executing VM operation: GenCollectForAllocation
Event: 43.242 Executing VM operation: GenCollectForAllocation done


Dynamic libraries:
0x002e0000 - 0x00313000 	C:\Program Files (x86)\Java\jdk1.8.0_102\bin\java.exe
0x77b50000 - 0x77cd0000 	C:\Windows\SysWOW64\ntdll.dll
0x76db0000 - 0x76ec0000 	C:\Windows\syswow64\kernel32.dll
0x75cf0000 - 0x75d36000 	C:\Windows\syswow64\KERNELBASE.dll
0x76b60000 - 0x76c00000 	C:\Windows\syswow64\ADVAPI32.dll
0x76c00000 - 0x76cac000 	C:\Windows\syswow64\msvcrt.dll
0x776a0000 - 0x776b9000 	C:\Windows\SysWOW64\sechost.dll
0x76a70000 - 0x76b60000 	C:\Windows\syswow64\RPCRT4.dll
0x756b0000 - 0x75710000 	C:\Windows\syswow64\SspiCli.dll
0x756a0000 - 0x756ac000 	C:\Windows\syswow64\CRYPTBASE.dll
0x757a0000 - 0x758a0000 	C:\Windows\syswow64\USER32.dll
0x776c0000 - 0x77750000 	C:\Windows\syswow64\GDI32.dll
0x77160000 - 0x7716a000 	C:\Windows\syswow64\LPK.dll
0x77600000 - 0x7769d000 	C:\Windows\syswow64\USP10.dll
0x750c0000 - 0x7525e000 	C:\Windows\WinSxS\x86_microsoft.windows.common-controls_6595b64144ccf1df_6.0.7601.17514_none_41e6975e2bd6f2b2\COMCTL32.dll
0x77350000 - 0x773a7000 	C:\Windows\syswow64\SHLWAPI.dll
0x758a0000 - 0x75900000 	C:\Windows\system32\IMM32.DLL
0x773d0000 - 0x7749c000 	C:\Windows\syswow64\MSCTF.dll
0x6ca80000 - 0x6cb3f000 	C:\Program Files (x86)\Java\jdk1.8.0_102\jre\bin\msvcr100.dll
0x68fa0000 - 0x6936d000 	C:\Program Files (x86)\Java\jdk1.8.0_102\jre\bin\client\jvm.dll
0x6e4d0000 - 0x6e4d7000 	C:\Windows\system32\WSOCK32.dll
0x774a0000 - 0x774d5000 	C:\Windows\syswow64\WS2_32.dll
0x77b20000 - 0x77b26000 	C:\Windows\syswow64\NSI.dll
0x74fd0000 - 0x75002000 	C:\Windows\system32\WINMM.dll
0x73b50000 - 0x73b59000 	C:\Windows\system32\VERSION.dll
0x76a60000 - 0x76a65000 	C:\Windows\syswow64\PSAPI.DLL
0x68f90000 - 0x68f9c000 	C:\Program Files (x86)\Java\jdk1.8.0_102\jre\bin\verify.dll
0x68f60000 - 0x68f81000 	C:\Program Files (x86)\Java\jdk1.8.0_102\jre\bin\java.dll
0x68f40000 - 0x68f53000 	C:\Program Files (x86)\Java\jdk1.8.0_102\jre\bin\zip.dll
0x75e10000 - 0x76a5a000 	C:\Windows\syswow64\SHELL32.dll
0x76ec0000 - 0x7701c000 	C:\Windows\syswow64\ole32.dll
0x73b10000 - 0x73b1b000 	C:\Windows\system32\profapi.dll
0x72500000 - 0x725eb000 	C:\Windows\system32\dbghelp.dll

VM Arguments:
jvm_args: -Djava.awt.headless=true -Xmx1024M -Dfile.encoding=windows-1252 -Duser.country=IN -Duser.language=en -Duser.variant 
java_command: com.android.dx.command.Main --dex --num-threads=4 --multi-dex --main-dex-list D:\Dedicated Project\EbVenetoWorkSpace\EbVeneto\EbVeneto\app\build\intermediates\multi-dex\debug\maindexlist.txt --output D:\Dedicated Project\EbVenetoWorkSpace\EbVeneto\EbVeneto\app\build\intermediates\transforms\dex\debug\folders\1000\1f\main D:\Dedicated Project\EbVenetoWorkSpace\EbVeneto\EbVeneto\app\build\intermediates\transforms\jarMerging\debug\jars\1\1f\combined.jar
java_class_path (initial): D:\Android\eclipse\adt-bundle-windows-x86-20140702\sdk\build-tools\25.0.2\lib\dx.jar
Launcher Type: SUN_STANDARD

Environment Variables:
JAVA_HOME=C:\Program Files (x86)\Java\jdk1.8.0_102\bin
PATH=C:\ProgramData\Oracle\Java\javapath;C:\Windows\system32;C:\Windows;C:\Windows\System32\Wbem;C:\Windows\System32\WindowsPowerShell\v1.0\;C:\Program Files (x86)\Intel\OpenCL SDK\2.0\bin\x86;C:\Program Files (x86)\Intel\OpenCL SDK\2.0\bin\x64;C:\Program Files (x86)\Skype\Phone\;C:\ProgramData\Oracle\Java\javapath;C:\Windows\system32;C:\Windows;C:\Windows\System32\Wbem;C:\Windows\System32\WindowsPowerShell\v1.0\;C:\Program Files (x86)\Intel\OpenCL SDK\2.0\bin\x86;C:\Program Files (x86)\Intel\OpenCL SDK\2.0\bin\x64;C:\Program Files (x86)\Skype\Phone\;C:\Users\Netadmin\AppData\Local\Programs\Git\cmd
USERNAME=Asmita
OS=Windows_NT
PROCESSOR_IDENTIFIER=Intel64 Family 6 Model 58 Stepping 9, GenuineIntel



---------------  S Y S T E M  ---------------

OS: Windows 7 , 64 bit Build 7601 (6.1.7601.17514)

CPU:total 2 (2 cores per cpu, 1 threads per core) family 6 model 58 stepping 9, cmov, cx8, fxsr, mmx, sse, sse2, sse3, ssse3, sse4.1, sse4.2, popcnt, clmul, erms, tsc, tscinvbit, tscinv

Memory: 4k page, physical 8282172k(1743216k free), swap 16562500k(9554096k free)

vm_info: Java HotSpot(TM) Client VM (25.102-b14) for windows-x86 JRE (1.8.0_102-b14), built on Jun 22 2016 13:13:29 by "java_re" with MS VC++ 10.0 (VS2010)

time: Wed Feb 01 18:53:52 2017
elapsed time: 43 seconds (0d 0h 0m 43s)

