#
# A fatal error has been detected by the Java Runtime Environment:
#
#  EXCEPTION_ACCESS_VIOLATION (0xc0000005) at pc=0x00000000698ce03b, pid=5012, tid=0x0000000000001578
#
# JRE version: OpenJDK Runtime Environment (8.0_76-b03) (build 1.8.0_76-release-b03)
# Java VM: OpenJDK 64-Bit Server VM (25.76-b03 mixed mode windows-amd64 compressed oops)
# Problematic frame:
# V  [jvm.dll+0xee03b]
#
# Failed to write core dump. Minidumps are not enabled by default on client versions of Windows
#
# If you would like to submit a bug report, please visit:
#   http://bugreport.java.com/bugreport/crash.jsp
#

---------------  T H R E A D  ---------------

Current thread (0x0000000002204800):  GCTaskThread [stack: 0x0000000012090000,0x0000000012190000] [id=5496]

siginfo: ExceptionCode=0xc0000005, reading address 0x0000000000000008

Registers:
RAX=0x0000000012190000, RBX=0x00000000f3510808, RCX=0x0000000000000000, RDX=0x0000000000000001
RSP=0x000000001218f5b0, RBP=0x00000000f7512cbc, RSI=0x00000000022cfd10, RDI=0x00000000022cfd10
R8 =0x0000000000000000, R9 =0x0000000014410578, R10=0x000000000000000c, R11=0x0000000069d9fa68
R12=0x00000000f7512cc0, R13=0x0000000014410758, R14=0x0000000014410760, R15=0x00000000f7512ca8
RIP=0x00000000698ce03b, EFLAGS=0x0000000000010246

Top of Stack: (sp=0x000000001218f5b0)
0x000000001218f5b0:   0000000014410578 00000000f75135e4
0x000000001218f5c0:   0000000000000003 00000000699d41f2
0x000000001218f5d0:   0000000000000000 0000000002204b00
0x000000001218f5e0:   00000000022031c0 0000000000000000
0x000000001218f5f0:   0000000000000348 0000000069b9eb00
0x000000001218f600:   00000000550c1a80 0000000000000000
0x000000001218f610:   00000000022cfd10 0000000069deba18
0x000000001218f620:   00000000c40350b0 0000000069ba2c48
0x000000001218f630:   0000000069f99d00 0000000000000005
0x000000001218f640:   0000067b000002ad 00000000698cdc29
0x000000001218f650:   00000000c0979a7c 00000000698ce0d6
0x000000001218f660:   00000000c40350b0 00000000022031c0
0x000000001218f670:   0000000002204b10 0000000002204b00
0x000000001218f680:   0000000069deba18 0000000000000000
0x000000001218f690:   0000000057b731c0 0000000000000000
0x000000001218f6a0:   00000000022cfd10 0000000069b9c47f 

Instructions: (pc=0x00000000698ce03b)
0x00000000698ce01b:   6c 00 84 d2 74 16 44 8b 43 08 8b 0d 25 46 66 00
0x00000000698ce02b:   49 d3 e0 4c 03 05 13 46 66 00 eb 04 4c 8b 43 08
0x00000000698ce03b:   45 8b 48 08 45 85 c9 7e 0c 41 f6 c1 01 75 4b 41
0x00000000698ce04b:   c1 f9 03 eb 57 79 43 84 d2 41 8b c9 b8 10 00 00 


Register to memory mapping:

RAX=0x0000000012190000 is an unknown value
RBX=0x00000000f3510808 is an oop

[error occurred during error reporting (printing register info), id 0xc0000005]

Stack: [0x0000000012090000,0x0000000012190000],  sp=0x000000001218f5b0,  free space=1021k
Native frames: (J=compiled Java code, j=interpreted, Vv=VM code, C=native code)
V  [jvm.dll+0xee03b]
V  [jvm.dll+0x3beb00]
V  [jvm.dll+0x3bc47f]
V  [jvm.dll+0x3b997e]
V  [jvm.dll+0x26b60a]
C  [msvcr100.dll+0x21d9f]
C  [msvcr100.dll+0x21e3b]
C  [kernel32.dll+0x159cd]
C  [ntdll.dll+0x2a561]


---------------  P R O C E S S  ---------------

Java Threads: ( => current thread )
  0x00000000564cc000 JavaThread "pool-2-thread-4" [_thread_blocked, id=6644, stack(0x0000000057860000,0x0000000057960000)]
  0x0000000056956000 JavaThread "pool-2-thread-3" [_thread_blocked, id=6232, stack(0x00000000575f0000,0x00000000576f0000)]
  0x0000000056955000 JavaThread "pool-2-thread-2" [_thread_blocked, id=6208, stack(0x00000000573e0000,0x00000000574e0000)]
  0x0000000056954800 JavaThread "pool-3-thread-1" [_thread_blocked, id=6728, stack(0x0000000057290000,0x0000000057390000)]
  0x000000005695a000 JavaThread "pool-2-thread-1" [_thread_blocked, id=6880, stack(0x0000000057110000,0x0000000057210000)]
  0x0000000054d8c000 JavaThread "Service Thread" daemon [_thread_blocked, id=1076, stack(0x0000000056540000,0x0000000056640000)]
  0x0000000054d31000 JavaThread "C1 CompilerThread1" daemon [_thread_blocked, id=3756, stack(0x0000000055db0000,0x0000000055eb0000)]
  0x0000000054d29000 JavaThread "C2 CompilerThread0" daemon [_thread_in_native, id=6100, stack(0x0000000055fe0000,0x00000000560e0000)]
  0x0000000054d27800 JavaThread "Attach Listener" daemon [_thread_blocked, id=6240, stack(0x0000000055eb0000,0x0000000055fb0000)]
  0x0000000054d26000 JavaThread "Signal Dispatcher" daemon [_thread_blocked, id=6356, stack(0x00000000559a0000,0x0000000055aa0000)]
  0x0000000054d0c000 JavaThread "Finalizer" daemon [_thread_blocked, id=5956, stack(0x0000000055c90000,0x0000000055d90000)]
  0x0000000054cc3000 JavaThread "Reference Handler" daemon [_thread_blocked, id=7116, stack(0x0000000055ad0000,0x0000000055bd0000)]
  0x000000000230e000 JavaThread "main" [_thread_blocked, id=5432, stack(0x0000000002560000,0x0000000002660000)]

Other Threads:
  0x0000000054cbb000 VMThread [stack: 0x0000000055800000,0x0000000055900000] [id=5172]
  0x0000000054d8f000 WatcherThread [stack: 0x0000000056760000,0x0000000056860000] [id=4864]

=>0x0000000002204800 (exited) GCTaskThread [stack: 0x0000000012090000,0x0000000012190000] [id=5496]

VM state:at safepoint (normal execution)

VM Mutex/Monitor currently owned by a thread:  ([mutex/lock_event])
[0x000000000230c350] Threads_lock - owner thread: 0x0000000054cbb000
[0x000000000230c850] Heap_lock - owner thread: 0x0000000056956000

Heap:
 PSYoungGen      total 226304K, used 47687K [0x00000000eab00000, 0x0000000100000000, 0x0000000100000000)
  eden space 178176K, 0% used [0x00000000eab00000,0x00000000eab00000,0x00000000f5900000)
  from space 48128K, 99% used [0x00000000f5900000,0x00000000f8791d88,0x00000000f8800000)
  to   space 86016K, 0% used [0x00000000fac00000,0x00000000fac00000,0x0000000100000000)
 ParOldGen       total 168448K, used 155566K [0x00000000c0000000, 0x00000000ca480000, 0x00000000eab00000)
  object space 168448K, 92% used [0x00000000c0000000,0x00000000c97eb8b8,0x00000000ca480000)
 Metaspace       used 6562K, capacity 7282K, committed 7552K, reserved 1056768K
  class space    used 599K, capacity 618K, committed 640K, reserved 1048576K

Card table byte_map: [0x0000000011cf0000,0x0000000011f00000] byte_map_base: 0x00000000116f0000

Marking Bits: (ParMarkBitMap*) 0x0000000069f99d00
 Begin Bits: [0x0000000012190000, 0x0000000013190000)
 End Bits:   [0x0000000013190000, 0x0000000014190000)

Polling page: 0x0000000000140000

CodeCache: size=245760Kb used=10098Kb max_used=10098Kb free=235661Kb
 bounds [0x0000000002930000, 0x0000000003320000, 0x0000000011930000]
 total_blobs=2590 nmethods=2321 adapters=183
 compilation: enabled

Compilation events (10 events):
Event: 10.627 Thread 0x0000000054d31000 2401       2       com.android.dx.util.ByteArray::getLong (104 bytes)
Event: 10.627 Thread 0x0000000054d31000 nmethod 2401 0x000000000330de90 code [0x000000000330e000, 0x000000000330e348]
Event: 10.633 Thread 0x0000000054d31000 2402       2       com.android.dx.dex.file.AnnotationUtils::makeMemberClasses (40 bytes)
Event: 10.634 Thread 0x0000000054d31000 nmethod 2402 0x000000000330e610 code [0x000000000330e7c0, 0x000000000330eb28]
Event: 10.686 Thread 0x0000000054d31000 2403       2       com.android.dx.rop.code.LocalVariableExtractor::processBlock (327 bytes)
Event: 10.688 Thread 0x0000000054d31000 nmethod 2403 0x000000000330edd0 code [0x000000000330f0e0, 0x000000000330fff8]
Event: 10.756 Thread 0x0000000054d31000 2404       1       com.android.dx.cf.attrib.AttEnclosingMethod::byteLength (3 bytes)
Event: 10.756 Thread 0x0000000054d31000 nmethod 2404 0x0000000003311a50 code [0x0000000003311ba0, 0x0000000003311cb0]
Event: 10.820 Thread 0x0000000054d31000 2405       3       com.android.dx.util.Hex::u2 (44 bytes)
Event: 10.821 Thread 0x0000000054d31000 nmethod 2405 0x0000000003311d10 code [0x0000000003311ec0, 0x0000000003312518]

GC Heap History (10 events):
Event: 6.074 GC heap after
Heap after GC invocations=8 (full 1):
 PSYoungGen      total 290304K, used 504K [0x00000000eab00000, 0x0000000100000000, 0x0000000100000000)
  eden space 260096K, 0% used [0x00000000eab00000,0x00000000eab00000,0x00000000fa900000)
  from space 30208K, 1% used [0x00000000fa900000,0x00000000fa97e310,0x00000000fc680000)
  to   space 51712K, 0% used [0x00000000fcd80000,0x00000000fcd80000,0x0000000100000000)
 ParOldGen       total 168448K, used 87063K [0x00000000c0000000, 0x00000000ca480000, 0x00000000eab00000)
  object space 168448K, 51% used [0x00000000c0000000,0x00000000c5505ca0,0x00000000ca480000)
 Metaspace       used 6518K, capacity 7218K, committed 7296K, reserved 1056768K
  class space    used 599K, capacity 618K, committed 640K, reserved 1048576K
}
Event: 7.338 GC heap before
{Heap before GC invocations=9 (full 1):
 PSYoungGen      total 290304K, used 260600K [0x00000000eab00000, 0x0000000100000000, 0x0000000100000000)
  eden space 260096K, 100% used [0x00000000eab00000,0x00000000fa900000,0x00000000fa900000)
  from space 30208K, 1% used [0x00000000fa900000,0x00000000fa97e310,0x00000000fc680000)
  to   space 51712K, 0% used [0x00000000fcd80000,0x00000000fcd80000,0x0000000100000000)
 ParOldGen       total 168448K, used 87063K [0x00000000c0000000, 0x00000000ca480000, 0x00000000eab00000)
  object space 168448K, 51% used [0x00000000c0000000,0x00000000c5505ca0,0x00000000ca480000)
 Metaspace       used 6553K, capacity 7218K, committed 7296K, reserved 1056768K
  class space    used 599K, capacity 618K, committed 640K, reserved 1048576K
Event: 7.516 GC heap after
Heap after GC invocations=9 (full 1):
 PSYoungGen      total 288256K, used 37938K [0x00000000eab00000, 0x0000000100000000, 0x0000000100000000)
  eden space 236544K, 0% used [0x00000000eab00000,0x00000000eab00000,0x00000000f9200000)
  from space 51712K, 73% used [0x00000000fcd80000,0x00000000ff28c8c8,0x0000000100000000)
  to   space 56320K, 0% used [0x00000000f9200000,0x00000000f9200000,0x00000000fc900000)
 ParOldGen       total 168448K, used 87071K [0x00000000c0000000, 0x00000000ca480000, 0x00000000eab00000)
  object space 168448K, 51% used [0x00000000c0000000,0x00000000c5507ca0,0x00000000ca480000)
 Metaspace       used 6553K, capacity 7218K, committed 7296K, reserved 1056768K
  class space    used 599K, capacity 618K, committed 640K, reserved 1048576K
}
Event: 8.492 GC heap before
{Heap before GC invocations=10 (full 1):
 PSYoungGen      total 288256K, used 274482K [0x00000000eab00000, 0x0000000100000000, 0x0000000100000000)
  eden space 236544K, 100% used [0x00000000eab00000,0x00000000f9200000,0x00000000f9200000)
  from space 51712K, 73% used [0x00000000fcd80000,0x00000000ff28c8c8,0x0000000100000000)
  to   space 56320K, 0% used [0x00000000f9200000,0x00000000f9200000,0x00000000fc900000)
 ParOldGen       total 168448K, used 87071K [0x00000000c0000000, 0x00000000ca480000, 0x00000000eab00000)
  object space 168448K, 51% used [0x00000000c0000000,0x00000000c5507ca0,0x00000000ca480000)
 Metaspace       used 6558K, capacity 7282K, committed 7552K, reserved 1056768K
  class space    used 599K, capacity 618K, committed 640K, reserved 1048576K
Event: 8.667 GC heap after
Heap after GC invocations=10 (full 1):
 PSYoungGen      total 292864K, used 56304K [0x00000000eab00000, 0x0000000100000000, 0x0000000100000000)
  eden space 236544K, 0% used [0x00000000eab00000,0x00000000eab00000,0x00000000f9200000)
  from space 56320K, 99% used [0x00000000f9200000,0x00000000fc8fc198,0x00000000fc900000)
  to   space 56320K, 0% used [0x00000000fc900000,0x00000000fc900000,0x0000000100000000)
 ParOldGen       total 168448K, used 99399K [0x00000000c0000000, 0x00000000ca480000, 0x00000000eab00000)
  object space 168448K, 59% used [0x00000000c0000000,0x00000000c6111d30,0x00000000ca480000)
 Metaspace       used 6558K, capacity 7282K, committed 7552K, reserved 1056768K
  class space    used 599K, capacity 618K, committed 640K, reserved 1048576K
}
Event: 9.302 GC heap before
{Heap before GC invocations=11 (full 1):
 PSYoungGen      total 292864K, used 292848K [0x00000000eab00000, 0x0000000100000000, 0x0000000100000000)
  eden space 236544K, 100% used [0x00000000eab00000,0x00000000f9200000,0x00000000f9200000)
  from space 56320K, 99% used [0x00000000f9200000,0x00000000fc8fc198,0x00000000fc900000)
  to   space 56320K, 0% used [0x00000000fc900000,0x00000000fc900000,0x0000000100000000)
 ParOldGen       total 168448K, used 99399K [0x00000000c0000000, 0x00000000ca480000, 0x00000000eab00000)
  object space 168448K, 59% used [0x00000000c0000000,0x00000000c6111d30,0x00000000ca480000)
 Metaspace       used 6560K, capacity 7282K, committed 7552K, reserved 1056768K
  class space    used 599K, capacity 618K, committed 640K, reserved 1048576K
Event: 9.670 GC heap after
Heap after GC invocations=11 (full 1):
 PSYoungGen      total 234496K, used 56296K [0x00000000eab00000, 0x0000000100000000, 0x0000000100000000)
  eden space 178176K, 0% used [0x00000000eab00000,0x00000000eab00000,0x00000000f5900000)
  from space 56320K, 99% used [0x00000000fc900000,0x00000000ffffa368,0x0000000100000000)
  to   space 85504K, 0% used [0x00000000f5900000,0x00000000f5900000,0x00000000fac80000)
 ParOldGen       total 168448K, used 119257K [0x00000000c0000000, 0x00000000ca480000, 0x00000000eab00000)
  object space 168448K, 70% used [0x00000000c0000000,0x00000000c74764a0,0x00000000ca480000)
 Metaspace       used 6560K, capacity 7282K, committed 7552K, reserved 1056768K
  class space    used 599K, capacity 618K, committed 640K, reserved 1048576K
}
Event: 10.837 GC heap before
{Heap before GC invocations=12 (full 1):
 PSYoungGen      total 234496K, used 234472K [0x00000000eab00000, 0x0000000100000000, 0x0000000100000000)
  eden space 178176K, 100% used [0x00000000eab00000,0x00000000f5900000,0x00000000f5900000)
  from space 56320K, 99% used [0x00000000fc900000,0x00000000ffffa368,0x0000000100000000)
  to   space 85504K, 0% used [0x00000000f5900000,0x00000000f5900000,0x00000000fac80000)
 ParOldGen       total 168448K, used 119257K [0x00000000c0000000, 0x00000000ca480000, 0x00000000eab00000)
  object space 168448K, 70% used [0x00000000c0000000,0x00000000c74764a0,0x00000000ca480000)
 Metaspace       used 6562K, capacity 7282K, committed 7552K, reserved 1056768K
  class space    used 599K, capacity 618K, committed 640K, reserved 1048576K
Event: 11.100 GC heap after
Heap after GC invocations=12 (full 1):
 PSYoungGen      total 226304K, used 47687K [0x00000000eab00000, 0x0000000100000000, 0x0000000100000000)
  eden space 178176K, 0% used [0x00000000eab00000,0x00000000eab00000,0x00000000f5900000)
  from space 48128K, 99% used [0x00000000f5900000,0x00000000f8791d88,0x00000000f8800000)
  to   space 86016K, 0% used [0x00000000fac00000,0x00000000fac00000,0x0000000100000000)
 ParOldGen       total 168448K, used 155566K [0x00000000c0000000, 0x00000000ca480000, 0x00000000eab00000)
  object space 168448K, 92% used [0x00000000c0000000,0x00000000c97eb8b8,0x00000000ca480000)
 Metaspace       used 6562K, capacity 7282K, committed 7552K, reserved 1056768K
  class space    used 599K, capacity 618K, committed 640K, reserved 1048576K
}
Event: 11.100 GC heap before
{Heap before GC invocations=13 (full 2):
 PSYoungGen      total 226304K, used 47687K [0x00000000eab00000, 0x0000000100000000, 0x0000000100000000)
  eden space 178176K, 0% used [0x00000000eab00000,0x00000000eab00000,0x00000000f5900000)
  from space 48128K, 99% used [0x00000000f5900000,0x00000000f8791d88,0x00000000f8800000)
  to   space 86016K, 0% used [0x00000000fac00000,0x00000000fac00000,0x0000000100000000)
 ParOldGen       total 168448K, used 155566K [0x00000000c0000000, 0x00000000ca480000, 0x00000000eab00000)
  object space 168448K, 92% used [0x00000000c0000000,0x00000000c97eb8b8,0x00000000ca480000)
 Metaspace       used 6562K, capacity 7282K, committed 7552K, reserved 1056768K
  class space    used 599K, capacity 618K, committed 640K, reserved 1048576K

Deoptimization events (10 events):
Event: 4.266 Thread 0x0000000056955000 Uncommon trap: reason=unstable_if action=reinterpret pc=0x0000000002fa1c14 method=com.android.dx.ssa.SCCP.simulateBranch(Lcom/android/dx/ssa/SsaInsn;)V @ 548
Event: 4.617 Thread 0x0000000056955000 Uncommon trap: reason=unstable_if action=reinterpret pc=0x0000000003123b20 method=com.android.dx.rop.cst.CstNat.equals(Ljava/lang/Object;)Z @ 25
Event: 6.370 Thread 0x0000000056955000 Uncommon trap: reason=unstable_if action=reinterpret pc=0x0000000002fd59c4 method=com.android.dx.ssa.MoveParamCombiner$1.visitNonMoveInsn(Lcom/android/dx/ssa/NormalSsaInsn;)V @ 27
Event: 6.578 Thread 0x000000005695a000 Uncommon trap: reason=bimorphic action=maybe_recompile pc=0x0000000003198310 method=com.android.dx.cf.code.BytecodeArray.parseInstruction(ILcom/android/dx/cf/code/BytecodeArray$Visitor;)I @ 2281
Event: 6.579 Thread 0x000000005695a000 Uncommon trap: reason=bimorphic action=maybe_recompile pc=0x0000000003198310 method=com.android.dx.cf.code.BytecodeArray.parseInstruction(ILcom/android/dx/cf/code/BytecodeArray$Visitor;)I @ 2281
Event: 7.878 Thread 0x00000000564cc000 Uncommon trap: reason=bimorphic action=maybe_recompile pc=0x000000000324dd74 method=com.android.dx.cf.code.BytecodeArray.parseInstruction(ILcom/android/dx/cf/code/BytecodeArray$Visitor;)I @ 2554
Event: 7.878 Thread 0x00000000564cc000 Uncommon trap: reason=bimorphic action=maybe_recompile pc=0x000000000324dd74 method=com.android.dx.cf.code.BytecodeArray.parseInstruction(ILcom/android/dx/cf/code/BytecodeArray$Visitor;)I @ 2554
Event: 8.470 Thread 0x000000000230e000 Uncommon trap: reason=unstable_if action=reinterpret pc=0x0000000002a859fc method=java.util.zip.ZipCoder.decoder()Ljava/nio/charset/CharsetDecoder; @ 4
Event: 10.522 Thread 0x0000000056956000 Uncommon trap: reason=unstable_if action=reinterpret pc=0x0000000002fd30ec method=com.android.dx.rop.code.LocalItem.compareHandlesNulls(Lcom/android/dx/rop/cst/CstString;Lcom/android/dx/rop/cst/CstString;)I @ 14
Event: 10.686 Thread 0x0000000056955000 Uncommon trap: reason=unstable_if action=reinterpret pc=0x000000000316d1fc method=com.android.dx.rop.code.RegisterSpecSet.<init>(I)V @ 2

Internal exceptions (9 events):
Event: 0.027 Thread 0x000000000230e000 Exception <a 'java/lang/NoSuchMethodError': Method sun.misc.Unsafe.defineClass(Ljava/lang/String;[BII)Ljava/lang/Class; name or signature does not match> (0x00000000eab07cc0) thrown at [C:\src\android\AOSP-openjdk\external\jetbrains\jdk\hotspot\src\share\v¡J>Ô·Ø›?
Event: 0.027 Thread 0x000000000230e000 Exception <a 'java/lang/NoSuchMethodError': Method sun.misc.Unsafe.prefetchRead(Ljava/lang/Object;J)V name or signature does not match> (0x00000000eab07fa8) thrown at [C:\src\android\AOSP-openjdk\external\jetbrains\jdk\hotspot\src\share\vm\prims\jni.cpp, l8Œä†Àú?
Event: 1.630 Thread 0x00000000564cc000 Implicit null exception at 0x0000000002d5f478 to 0x0000000002d61bb5
Event: 1.633 Thread 0x00000000564cc000 Implicit null exception at 0x0000000002d9b092 to 0x0000000002d9b182
Event: 1.645 Thread 0x000000005695a000 Exception <a 'java/lang/ArrayIndexOutOfBoundsException': 18> (0x00000000ece572b0) thrown at [C:\src\android\AOSP-openjdk\external\jetbrains\jdk\hotspot\src\share\vm\interpreter\interpreterRuntime.cpp, line 366]
Event: 1.646 Thread 0x000000005695a000 Exception <a 'java/lang/ArrayIndexOutOfBoundsException': 145> (0x00000000ece58e30) thrown at [C:\src\android\AOSP-openjdk\external\jetbrains\jdk\hotspot\src\share\vm\interpreter\interpreterRuntime.cpp, line 366]
Event: 1.646 Thread 0x000000005695a000 Exception <a 'java/lang/ArrayIndexOutOfBoundsException'> (0x00000000ece5a118) thrown at [C:\src\android\AOSP-openjdk\external\jetbrains\jdk\hotspot\src\share\vm\runtime\sharedRuntime.cpp, line 605]
Event: 8.470 Thread 0x000000000230e000 Implicit null exception at 0x0000000002a8504d to 0x0000000002a859bd
Event: 10.522 Thread 0x0000000056956000 Implicit null exception at 0x0000000002fd1a16 to 0x0000000002fd30b9

Events (10 events):
Event: 10.522 Thread 0x0000000056956000 DEOPT PACKING pc=0x0000000002fd30ec sp=0x00000000576ee990
Event: 10.522 Thread 0x0000000056956000 DEOPT UNPACKING pc=0x000000000297556a sp=0x00000000576ee718 mode 2
Event: 10.616 Thread 0x0000000056955000 DEOPT PACKING pc=0x0000000002c5cb64 sp=0x00000000574dea90
Event: 10.616 Thread 0x0000000056955000 DEOPT UNPACKING pc=0x00000000029771bf sp=0x00000000574de7a8 mode 0
Event: 10.686 Thread 0x0000000056955000 Uncommon trap: trap_request=0xffffff65 fr.pc=0x000000000316d1fc
Event: 10.686 Thread 0x0000000056955000 DEOPT PACKING pc=0x000000000316d1fc sp=0x00000000574dec10
Event: 10.686 Thread 0x0000000056955000 DEOPT UNPACKING pc=0x000000000297556a sp=0x00000000574deb38 mode 2
Event: 10.792 Thread 0x0000000056956000 DEOPT PACKING pc=0x0000000003241c57 sp=0x00000000576eeb40
Event: 10.792 Thread 0x0000000056956000 DEOPT UNPACKING pc=0x00000000029771bf sp=0x00000000576ee900 mode 0
Event: 10.837 Executing VM operation: ParallelGCFailedAllocation


Dynamic libraries:
0x000000013f710000 - 0x000000013f741000 	C:\Program Files\Android\Android Studio\jre\bin\java.exe
0x0000000076cb0000 - 0x0000000076e5a000 	C:\Windows\SYSTEM32\ntdll.dll
0x0000000076b90000 - 0x0000000076caf000 	C:\Windows\system32\kernel32.dll
0x000007fefcd10000 - 0x000007fefcd7a000 	C:\Windows\system32\KERNELBASE.dll
0x000007fefdf50000 - 0x000007fefe02b000 	C:\Windows\system32\ADVAPI32.dll
0x000007fefde90000 - 0x000007fefdf2f000 	C:\Windows\system32\msvcrt.dll
0x000007fefde70000 - 0x000007fefde8f000 	C:\Windows\SYSTEM32\sechost.dll
0x000007fefd320000 - 0x000007fefd44d000 	C:\Windows\system32\RPCRT4.dll
0x0000000076a90000 - 0x0000000076b8a000 	C:\Windows\system32\USER32.dll
0x000007fefdcd0000 - 0x000007fefdd37000 	C:\Windows\system32\GDI32.dll
0x000007fefd960000 - 0x000007fefd96e000 	C:\Windows\system32\LPK.dll
0x000007fefd040000 - 0x000007fefd10a000 	C:\Windows\system32\USP10.dll
0x000007fefb540000 - 0x000007fefb734000 	C:\Windows\WinSxS\amd64_microsoft.windows.common-controls_6595b64144ccf1df_6.0.7601.17514_none_fa396087175ac9ac\COMCTL32.dll
0x000007fefd730000 - 0x000007fefd7a1000 	C:\Windows\system32\SHLWAPI.dll
0x000007fefeef0000 - 0x000007fefef1e000 	C:\Windows\system32\IMM32.DLL
0x000007fefd850000 - 0x000007fefd959000 	C:\Windows\system32\MSCTF.dll
0x000000006a780000 - 0x000000006a852000 	C:\Program Files\Android\Android Studio\jre\jre\bin\msvcr100.dll
0x00000000697e0000 - 0x000000006a014000 	C:\Program Files\Android\Android Studio\jre\jre\bin\server\jvm.dll
0x000007fef65c0000 - 0x000007fef65c9000 	C:\Windows\system32\WSOCK32.dll
0x000007fefedc0000 - 0x000007fefee0d000 	C:\Windows\system32\WS2_32.dll
0x000007fefcfd0000 - 0x000007fefcfd8000 	C:\Windows\system32\NSI.dll
0x000007fefabe0000 - 0x000007fefac1b000 	C:\Windows\system32\WINMM.dll
0x000007fefbdc0000 - 0x000007fefbdcc000 	C:\Windows\system32\VERSION.dll
0x0000000076e80000 - 0x0000000076e87000 	C:\Windows\system32\PSAPI.DLL
0x000007fef9ea0000 - 0x000007fef9eaf000 	C:\Program Files\Android\Android Studio\jre\jre\bin\verify.dll
0x000007feee4f0000 - 0x000007feee519000 	C:\Program Files\Android\Android Studio\jre\jre\bin\java.dll
0x000007feef680000 - 0x000007feef696000 	C:\Program Files\Android\Android Studio\jre\jre\bin\zip.dll
0x000007fefe030000 - 0x000007fefedb8000 	C:\Windows\system32\SHELL32.dll
0x000007fefd110000 - 0x000007fefd313000 	C:\Windows\system32\ole32.dll
0x000007fefcc00000 - 0x000007fefcc0f000 	C:\Windows\system32\profapi.dll
0x000007fef5870000 - 0x000007fef5995000 	C:\Windows\system32\dbghelp.dll

VM Arguments:
jvm_args: -Djava.awt.headless=true -Xmx1024M -Dfile.encoding=windows-1252 -Duser.country=IN -Duser.language=en -Duser.variant 
java_command: com.android.dx.command.Main --dex --num-threads=4 --multi-dex --main-dex-list D:\Dedicated Project\EbVenetoWorkSpace\EbVeneto\EbVeneto\app\build\intermediates\multi-dex\debug\maindexlist.txt --output D:\Dedicated Project\EbVenetoWorkSpace\EbVeneto\EbVeneto\app\build\intermediates\transforms\dex\debug\folders\1000\1f\main D:\Dedicated Project\EbVenetoWorkSpace\EbVeneto\EbVeneto\app\build\intermediates\transforms\jarMerging\debug\jars\1\1f\combined.jar
java_class_path (initial): D:\Android\eclipse\adt-bundle-windows-x86-20140702\sdk\build-tools\25.0.2\lib\dx.jar
Launcher Type: SUN_STANDARD

Environment Variables:
JAVA_HOME=C:\Program Files (x86)\Java\jdk1.8.0_102\bin
PATH=C:\ProgramData\Oracle\Java\javapath;C:\Windows\system32;C:\Windows;C:\Windows\System32\Wbem;C:\Windows\System32\WindowsPowerShell\v1.0\;C:\Program Files (x86)\Intel\OpenCL SDK\2.0\bin\x86;C:\Program Files (x86)\Intel\OpenCL SDK\2.0\bin\x64;C:\Program Files (x86)\Skype\Phone\;C:\ProgramData\Oracle\Java\javapath;C:\Windows\system32;C:\Windows;C:\Windows\System32\Wbem;C:\Windows\System32\WindowsPowerShell\v1.0\;C:\Program Files (x86)\Intel\OpenCL SDK\2.0\bin\x86;C:\Program Files (x86)\Intel\OpenCL SDK\2.0\bin\x64;C:\Program Files (x86)\Skype\Phone\;C:\Users\Netadmin\AppData\Local\Programs\Git\cmd
USERNAME=Asmita
OS=Windows_NT
PROCESSOR_IDENTIFIER=Intel64 Family 6 Model 58 Stepping 9, GenuineIntel



---------------  S Y S T E M  ---------------

OS: Windows 7 , 64 bit Build 7601 (6.1.7601.23677)

CPU:total 2 (2 cores per cpu, 1 threads per core) family 6 model 58 stepping 9, cmov, cx8, fxsr, mmx, sse, sse2, sse3, ssse3, sse4.1, sse4.2, popcnt, clmul, erms, tsc, tscinvbit, tscinv

Memory: 4k page, physical 8282172k(1419968k free), swap 16562484k(9545240k free)

vm_info: OpenJDK 64-Bit Server VM (25.76-b03) for windows-amd64 JRE (1.8.0_76-release-b03), built on Jun 29 2016 19:09:20 by "ralucas" with MS VC++ 10.0 (VS2010)

time: Tue Jul 18 11:16:35 2017
elapsed time: 11 seconds (0d 0h 0m 11s)

